ğŸš€ Running ablation test: no_documentation
   Self-critique: âœ…
   VLM: âœ…
   Documentation: âŒ
   Analyses: 15
   Max iterations: 8

ğŸ§ª Testing no_documentation...
   Self-critique: âœ…
   VLM: âœ…
   Documentation: âŒ
0
Loading anndata .obs for summarization...
Loaded obs data: 21458 rows Ã— 31 columns
ADATA SUMMARY:  Below is a description of the columns in adata.obs: 
Column Age contains the unique values [29.    4.7  20.8   6.7   3.33 14.5  18.58  5.4  20.6   9.47 22.57 16.53
  3.3   8.4  12.47 21.57  4.3  10.43 22.6   3.6  23.9  16.83 18.87 24.9
 25.93]and 1 other unique values... 
Column Celltype contains the unique values ['Oligodendro_1' 'Endothelial' 'Microglia' 'Macrophage' 'Oligodendro_2'
 'Astrocyte_qNSC' 'Oligodendro_3' 'aNSC_NPC_2' 'Mural' 'Ependymal'
 'Neuroblast_2' 'Neuroblast_1' 'OPC' 'aNSC_NPC_1' 'Neuron'] 
Column Celltype.LowRes contains the unique values ['Oligodendro' 'Endothelial' 'Microglia' 'Macrophage' 'Astrocyte_qNSC'
 'aNSC_NPC' 'Mural' 'Ependymal' 'Neuroblast' 'OPC' 'Neuron'] 
Column G2M.Score contains the unique values [-0.01910849  0.04261272 -0.06577242 -0.06350476 -0.05441197 -0.10361921
 -0.01988406 -0.03863252 -0.00230453  0.7561768  -0.03634904 -0.06316697
 -0.08796861  0.13121533 -0.06895814 -0.05585682 -0.03899409 -0.06831807
 -0.05343666  0.05521411  0.02765526 -0.06109296 -0.03677735 -0.07206834
 -0.05251082]and 21432 other unique values... 
Column LMO_classification contains the unique values ['Sample4-ACCAATGC' 'Sample1-TGTGATGG' 'Sample3-CTCTAGAC'
 'Sample2-TCAATGGC' 'BC13-3.33-CAGTTAGG' 'BC16-14.50-GAATCAGG'
 'BC18-18.58-TTCCACGT' 'BC14-5.40-AACCGAAC' 'BC19-20.60-AACTGCAG'
 'BC15-9.47-AAGCAGTC' 'BC20-22.57-TAAGCAGC' 'BC17-16.53-ACTCGAAG'
 'BC1-3.30-TGTGATGG' 'BC3-8.40-CTCTAGAC' 'BC5-12.47-AGTTGCGT'
 'BC7-21.57-GTACCTGT' 'BC2-4.30-TCAATGGC' 'BC4-10.43-ACCAATGC'
 'BC6-12.47-CGAACAAG' 'BC8-22.60-GAAGCTTG' 'BC17-3.60-ACTCGAAG'
 'BC21-23.9-GAGAGACT' 'BC19-16.83-AACTGCAG' 'BC20-18.87-TAAGCAGC'
 'BC22-24.9-CGATTAGC']and 3 other unique values... 
Column LMO_classification.global contains the unique values ['Singlet'] 
Column LMO_margin contains the unique values [0.57802481 0.60440079 0.898188   0.46503667 0.82859497 0.92386894
 0.60997355 0.30773087 0.78325827 0.5989607  1.10821913 0.77792701
 0.33581496 0.14219756 1.23787175 1.24064936 1.16667915 0.49365038
 1.10902834 1.53237239 0.47784916 0.78018651 0.65908244 0.58198893
 1.09581897]and 21278 other unique values... 
Column LMO_maxID contains the unique values ['Sample4-ACCAATGC' 'Sample1-TGTGATGG' 'Sample3-CTCTAGAC'
 'Sample2-TCAATGGC' 'BC13-3.33-CAGTTAGG' 'BC16-14.50-GAATCAGG'
 'BC18-18.58-TTCCACGT' 'BC14-5.40-AACCGAAC' 'BC19-20.60-AACTGCAG'
 'BC15-9.47-AAGCAGTC' 'BC20-22.57-TAAGCAGC' 'BC17-16.53-ACTCGAAG'
 'BC1-3.30-TGTGATGG' 'BC3-8.40-CTCTAGAC' 'BC5-12.47-AGTTGCGT'
 'BC7-21.57-GTACCTGT' 'BC2-4.30-TCAATGGC' 'BC4-10.43-ACCAATGC'
 'BC6-12.47-CGAACAAG' 'BC8-22.60-GAAGCTTG' 'BC17-3.60-ACTCGAAG'
 'BC21-23.9-GAGAGACT' 'BC19-16.83-AACTGCAG' 'BC20-18.87-TAAGCAGC'
 'BC22-24.9-CGATTAGC']and 3 other unique values... 
Column LMO_secondID contains the unique values ['Sample1-TGTGATGG' 'Sample4-ACCAATGC' 'Sample3-CTCTAGAC'
 'Sample2-TCAATGGC' 'BC19-20.60-AACTGCAG' 'BC18-18.58-TTCCACGT'
 'BC17-16.53-ACTCGAAG' 'BC14-5.40-AACCGAAC' 'BC13-3.33-CAGTTAGG'
 'BC16-14.50-GAATCAGG' 'BC20-22.57-TAAGCAGC' 'BC15-9.47-AAGCAGTC'
 'BC6-12.47-CGAACAAG' 'BC7-21.57-GTACCTGT' 'BC3-8.40-CTCTAGAC'
 'BC5-12.47-AGTTGCGT' 'BC2-4.30-TCAATGGC' 'BC8-22.60-GAAGCTTG'
 'BC4-10.43-ACCAATGC' 'BC1-3.30-TGTGATGG' 'BC18-14.77-TTCCACGT'
 'BC24-25.93-TGTACCAG' 'BC17-3.60-ACTCGAAG' 'BC22-24.9-CGATTAGC'
 'BC21-23.9-GAGAGACT']and 3 other unique values... 
Column Phase contains the unique values ['S' 'G2M' 'G1'] 
Column Prolif_Lineage_Fraction_of_SVZ contains the unique values [0.05870021 0.20814978 0.07103825 0.15719844 0.25252525 0.19340659
 0.09122807 0.16051364 0.06034483 0.13908873 0.10169492 0.11450382
 0.28518322 0.22439893 0.18942189 0.17105263 0.26827864 0.17396521
 0.1906924  0.10277325 0.32750397 0.08474576 0.20240137 0.1552795
 0.08318584]and 3 other unique values... 
Column S.Score contains the unique values [ 0.01020611 -0.02802048 -0.06163759 -0.02399076 -0.02022375 -0.04389824
 -0.02562636 -0.04378811 -0.02791943  0.15062332 -0.00877021 -0.04095662
 -0.04629813  0.04729819 -0.0568149   0.02561772  0.00405891 -0.00817549
 -0.01994115  0.02454609  0.00592704 -0.02089656  0.00581799 -0.02908976
 -0.02995739]and 20859 other unique values... 
Column SCT_snn_res.0.1 contains the unique values [ 0  6  2  9  3  5  4  7 10  1  8] 
Column SCT_snn_res.0.15 contains the unique values [ 0  6  2  9  3  5  4  7 10  1  8] 
Column SCT_snn_res.0.17 contains the unique values [ 0  7  1 10  3  6  5  8 11  2  4  9] 
Column SCT_snn_res.0.18 contains the unique values [ 0  7  1 10  3  6  5  8 11  2  4  9] 
Column SCT_snn_res.0.19 contains the unique values [ 0  7  1 10  3  6  5  8 11  2  4  9] 
Column SCT_snn_res.0.2 contains the unique values [ 0  7  1 10  3  6  5  8 11  2  4  9] 
Column SCT_snn_res.0.3 contains the unique values [ 1  8  0 12  7  3  6  4 10 14  2  5 11  9 13] 
Column SCT_snn_res.0.4 contains the unique values [ 1  8  0 13  7  2  6  5 10 15  3 11  4 12  9 17 14] 
Column SCT_snn_res.0.5 contains the unique values [ 1 10  0 16 15  8  3  5  2 12 18  4  7 13  6 14  9 11 20 17 21] 
Column hash.ID contains the unique values ['Sample4-ACCAATGC' 'Sample1-TGTGATGG' 'Sample3-CTCTAGAC'
 'Sample2-TCAATGGC' 'BC13-3.33-CAGTTAGG' 'BC16-14.50-GAATCAGG'
 'BC18-18.58-TTCCACGT' 'BC14-5.40-AACCGAAC' 'BC19-20.60-AACTGCAG'
 'BC15-9.47-AAGCAGTC' 'BC20-22.57-TAAGCAGC' 'BC17-16.53-ACTCGAAG'
 'BC1-3.30-TGTGATGG' 'BC3-8.40-CTCTAGAC' 'BC5-12.47-AGTTGCGT'
 'BC7-21.57-GTACCTGT' 'BC2-4.30-TCAATGGC' 'BC4-10.43-ACCAATGC'
 'BC6-12.47-CGAACAAG' 'BC8-22.60-GAAGCTTG' 'BC17-3.60-ACTCGAAG'
 'BC21-23.9-GAGAGACT' 'BC19-16.83-AACTGCAG' 'BC20-18.87-TAAGCAGC'
 'BC22-24.9-CGATTAGC']and 3 other unique values... 
Column nCount_LMO contains the unique values [1219 1440 1909 1478 1700 1984 1625 1099 1546 1494 2088 1671 1559 1413
 2394 3210 2065 1288 1967 4023 1232 1048 1111 2107 1917]and 3311 other unique values... 
Column nCount_RNA contains the unique values [2365 2022 4096 3429 3664 6044 4186 3541 7285 7298 3894 3014 4092 1254
 6797 1328 3861 3191 5452 1113 1592 3991 2105 2296 3813]and 9326 other unique values... 
Column nCount_SCT contains the unique values [4316 4038 4441 4271 4283 5292 4421 4166 5512 5422 4351 4082 4398 3501
 5441 3602 4256 4193 5222 3663 3931 4347 4240 4305 4297]and 2181 other unique values... 
Column nFeature_LMO contains the unique values [4 8] 
Column nFeature_RNA contains the unique values [1221 1135 1645 1555 1580 2150 1881 1640 2794 2705 1656 1547 1596  730
 2354  691 1705 1467 2267  720  940 1817 1133 1030 1780]and 3932 other unique values... 
Column nFeature_SCT contains the unique values [1244 1208 1645 1555 1580 2149 1881 1640 2767 2686 1655 1552 1596 1005
 2347  917 1704 1468 2267 1016 1084 1817 1183 1071 1778]and 2197 other unique values... 
Column orig.ident contains the unique values ['Batch-1' 'Batch-2' 'Batch-3' 'Batch-4'] 
Column percent.mt contains the unique values [3.17124736 2.67062315 1.48925781 5.0743657  2.4290393  2.77961615
 2.98614429 3.78424174 2.07275223 3.53521513 3.72367745 1.89117452
 4.93646139 1.83413078 1.9126085  1.5060241  2.43460243 5.10811658
 4.29200293 3.95327942 6.84673367 4.25958406 6.55581948 3.61498258
 3.61919748]and 20819 other unique values... 
Column seurat_clusters contains the unique values [ 1  8  0 12  7  3  6  4 10 14  2  5 11  9 13] 

âœ… Loaded /scratch/users/salber/aging_final.h5ad
Running DeepResearch...
âœ… DeepResearch completed
DEEPRESEARCH BACKGROUND:  **Biological background (beyond the paperâ€™s scope):**  With aging, the SVZ neurogenic niche progress
ğŸ§  Generating new analysis idea...

ğŸš€ Executing Analysis 1
âœ… Persistent kernel started
ğŸš€ Beginning step 1...
âš ï¸ Code errored with: AxisError: axis 0 is out of bounds for array of dimension 0
  ğŸ”§ Fix attempt 1/3
  âŒ Fix attempt 1 failed
  ğŸ”§ Fix attempt 2/3
  âŒ Fix attempt 2 failed
  ğŸ”§ Fix attempt 3/3
  âŒ Fix attempt 3 failed
  âš ï¸ Failed to fix after 3 attempts. Moving to next iteration.
ğŸš€ Generated Initial Analysis Plan for Analysis 1
ğŸš€ Beginning step 2...
âš ï¸ Code errored with: ValueError: Did not find X_pca in `.obsm.keys()`. You need to compute it first.
  ğŸ”§ Fix attempt 1/3
â° Message timeout after 0.0s, continuing...
  âŒ Fix attempt 1 failed
  ğŸ”§ Fix attempt 2/3
  âŒ Fix attempt 2 failed
  ğŸ”§ Fix attempt 3/3
  âŒ Fix attempt 3 failed
  âš ï¸ Failed to fix after 3 attempts. Moving to next iteration.
ğŸš€ Generated Initial Analysis Plan for Analysis 1
ğŸš€ Beginning step 3...
DEBUG: interpret_results called with hypothesis=<class 'str'>, analysis_plan=<class 'list'>, code=<class 'str'>
ğŸš€ Generated Initial Analysis Plan for Analysis 1
ğŸš€ Beginning step 4...
âš ï¸ Code errored with: ValueError: Bin edges must be unique: Index([                 -inf,                 1e-12,                 1e-12,
                       1e-12,                 1e-12,                 1e-12,
       6.111432686753346e-05, 0.0002059847815389138, 0.0006021757304282681,
       0.0017626913504280052, 0.0048604040662389636,  0.012907457949173324,
        0.028258495665862828,  0.049768703765571555,   0.07838909433928867,
         0.11619001094063036,    0.1734620599619189,   0.26578749609285385,
          0.4690893392505735,    6.3055131226235215,                   inf],
      dtype='float64').
You can drop duplicate edges by setting the 'duplicates' kwarg
  ğŸ”§ Fix attempt 1/3
  âŒ Fix attempt 1 failed
  ğŸ”§ Fix attempt 2/3
  âŒ Fix attempt 2 failed
  ğŸ”§ Fix attempt 3/3
  âŒ Fix attempt 3 failed
  âš ï¸ Failed to fix after 3 attempts. Moving to next iteration.
ğŸš€ Generated Initial Analysis Plan for Analysis 1
ğŸš€ Beginning step 5...
âš ï¸ Code errored with: AxisError: axis 0 is out of bounds for array of dimension 0
  ğŸ”§ Fix attempt 1/3
  âŒ Fix attempt 1 failed
  ğŸ”§ Fix attempt 2/3
  âŒ Fix attempt 2 failed
  ğŸ”§ Fix attempt 3/3
  âŒ Fix attempt 3 failed
  âš ï¸ Failed to fix after 3 attempts. Moving to next iteration.
ğŸš€ Generated Initial Analysis Plan for Analysis 1
â° Message timeout after 0.8s, continuing...
ğŸš€ Beginning step 6...
DEBUG: interpret_results called with hypothesis=<class 'str'>, analysis_plan=<class 'list'>, code=<class 'str'>
ğŸš€ Generated Initial Analysis Plan for Analysis 1
ğŸš€ Beginning step 7...
DEBUG: interpret_results called with hypothesis=<class 'str'>, analysis_plan=<class 'list'>, code=<class 'str'>
ğŸš€ Generated Initial Analysis Plan for Analysis 1
ğŸš€ Beginning step 8...
âš ï¸ Code errored with: ValueError: Please run `adata = adata.copy()` or use the copy option in this function.
  ğŸ”§ Fix attempt 1/3
  âŒ Fix attempt 1 failed
  ğŸ”§ Fix attempt 2/3
  âŒ Fix attempt 2 failed
  ğŸ”§ Fix attempt 3/3
  âŒ Fix attempt 3 failed
  âš ï¸ Failed to fix after 3 attempts. Moving to next iteration.
ğŸ’¾ Saved notebook to: aging_ablation_082425/test_results_no_documentation_20250824_161516/outputs/test_no_documentation_20250824_161536/test_no_documentation_analysis_1.ipynb
âœ… Persistent kernel stopped
âœ… Completed Analysis 1
ğŸ§  Generating new analysis idea...

ğŸš€ Executing Analysis 2
âœ… Persistent kernel started
ğŸš€ Beginning step 1...
DEBUG: interpret_results called with hypothesis=<class 'str'>, analysis_plan=<class 'list'>, code=<class 'str'>
ğŸš€ Generated Initial Analysis Plan for Analysis 2
ğŸš€ Beginning step 2...
DEBUG: interpret_results called with hypothesis=<class 'str'>, analysis_plan=<class 'list'>, code=<class 'str'>
ğŸš€ Generated Initial Analysis Plan for Analysis 2
ğŸš€ Beginning step 3...
âš ï¸ Code errored with: TypeError: ufunc 'isnan' not supported for the input types, and the inputs could not be safely coerced to any supported types according to the casting rule ''safe''
  ğŸ”§ Fix attempt 1/3
  âŒ Fix attempt 1 failed
  ğŸ”§ Fix attempt 2/3
  âŒ Fix attempt 2 failed
  ğŸ”§ Fix attempt 3/3
  âŒ Fix attempt 3 failed
  âš ï¸ Failed to fix after 3 attempts. Moving to next iteration.
ğŸš€ Generated Initial Analysis Plan for Analysis 2
ğŸš€ Beginning step 4...
DEBUG: interpret_results called with hypothesis=<class 'str'>, analysis_plan=<class 'list'>, code=<class 'str'>
ğŸš€ Generated Initial Analysis Plan for Analysis 2
ğŸš€ Beginning step 5...
DEBUG: interpret_results called with hypothesis=<class 'str'>, analysis_plan=<class 'list'>, code=<class 'str'>
ğŸš€ Generated Initial Analysis Plan for Analysis 2
ğŸš€ Beginning step 6...
DEBUG: interpret_results called with hypothesis=<class 'str'>, analysis_plan=<class 'list'>, code=<class 'str'>
ğŸš€ Generated Initial Analysis Plan for Analysis 2
ğŸš€ Beginning step 7...
DEBUG: interpret_results called with hypothesis=<class 'str'>, analysis_plan=<class 'list'>, code=<class 'str'>
ğŸš€ Generated Initial Analysis Plan for Analysis 2
ğŸš€ Beginning step 8...
âš ï¸ Code errored with: ValueError: Did not find X_pca in `.obsm.keys()`. You need to compute it first.
  ğŸ”§ Fix attempt 1/3
  âœ… Fix successful on attempt 1
DEBUG: interpret_results called with hypothesis=<class 'str'>, analysis_plan=<class 'list'>, code=<class 'str'>
ğŸ’¾ Saved notebook to: aging_ablation_082425/test_results_no_documentation_20250824_161516/outputs/test_no_documentation_20250824_161536/test_no_documentation_analysis_2.ipynb
âœ… Persistent kernel stopped
âœ… Completed Analysis 2
ğŸ§  Generating new analysis idea...

ğŸš€ Executing Analysis 3
âœ… Persistent kernel started
ğŸš€ Beginning step 1...
DEBUG: interpret_results called with hypothesis=<class 'str'>, analysis_plan=<class 'list'>, code=<class 'str'>
ğŸš€ Generated Initial Analysis Plan for Analysis 3
ğŸš€ Beginning step 2...
âš ï¸ Code errored with: AttributeError: Can only use .cat accessor with a 'category' dtype
  ğŸ”§ Fix attempt 1/3
  âœ… Fix successful on attempt 1
DEBUG: interpret_results called with hypothesis=<class 'str'>, analysis_plan=<class 'list'>, code=<class 'str'>
ğŸš€ Generated Initial Analysis Plan for Analysis 3
ğŸš€ Beginning step 3...
DEBUG: interpret_results called with hypothesis=<class 'str'>, analysis_plan=<class 'list'>, code=<class 'str'>
ğŸš€ Generated Initial Analysis Plan for Analysis 3
ğŸš€ Beginning step 4...
DEBUG: interpret_results called with hypothesis=<class 'str'>, analysis_plan=<class 'list'>, code=<class 'str'>
ğŸš€ Generated Initial Analysis Plan for Analysis 3
ğŸš€ Beginning step 5...
âš ï¸ Code errored with: ValueError: Cannot specify `ax` when plotting multiple panels (each for a given value of 'color').
  ğŸ”§ Fix attempt 1/3
  âœ… Fix successful on attempt 1
DEBUG: interpret_results called with hypothesis=<class 'str'>, analysis_plan=<class 'list'>, code=<class 'str'>
ğŸš€ Generated Initial Analysis Plan for Analysis 3
ğŸš€ Beginning step 6...
âš ï¸ Code errored with: ValueError: No valid genes were passed for scoring.
  ğŸ”§ Fix attempt 1/3
  âŒ Fix attempt 1 failed
  ğŸ”§ Fix attempt 2/3
  âŒ Fix attempt 2 failed
  ğŸ”§ Fix attempt 3/3
  âŒ Fix attempt 3 failed
  âš ï¸ Failed to fix after 3 attempts. Moving to next iteration.
ğŸš€ Generated Initial Analysis Plan for Analysis 3
ğŸš€ Beginning step 7...
âš ï¸ Code errored with: AttributeError: 'SparseCSRView' object has no attribute 'flatten'
  ğŸ”§ Fix attempt 1/3
  âœ… Fix successful on attempt 1
DEBUG: interpret_results called with hypothesis=<class 'str'>, analysis_plan=<class 'list'>, code=<class 'str'>
ğŸš€ Generated Initial Analysis Plan for Analysis 3
ğŸš€ Beginning step 8...
DEBUG: interpret_results called with hypothesis=<class 'str'>, analysis_plan=<class 'list'>, code=<class 'str'>
ğŸ’¾ Saved notebook to: aging_ablation_082425/test_results_no_documentation_20250824_161516/outputs/test_no_documentation_20250824_161536/test_no_documentation_analysis_3.ipynb
âœ… Persistent kernel stopped
âœ… Completed Analysis 3
ğŸ§  Generating new analysis idea...

ğŸš€ Executing Analysis 4
âœ… Persistent kernel started
ğŸš€ Beginning step 1...
âš ï¸ Code errored with: KeyError: 'is_progenitor'
  ğŸ”§ Fix attempt 1/3
  âŒ Fix attempt 1 failed
  ğŸ”§ Fix attempt 2/3
  âŒ Fix attempt 2 failed
  ğŸ”§ Fix attempt 3/3
  âœ… Fix successful on attempt 3
DEBUG: interpret_results called with hypothesis=<class 'str'>, analysis_plan=<class 'list'>, code=<class 'str'>
ğŸš€ Generated Initial Analysis Plan for Analysis 4
ğŸš€ Beginning step 2...
âš ï¸ Code errored with: KeyError: "Values [np.str_('GeneX'), np.str_('GeneY')], from [np.str_('GeneX'), np.str_('GeneY')], are not valid obs/ var names or indices."
  ğŸ”§ Fix attempt 1/3
  âŒ Fix attempt 1 failed
  ğŸ”§ Fix attempt 2/3
  âœ… Fix successful on attempt 2
DEBUG: interpret_results called with hypothesis=<class 'str'>, analysis_plan=<class 'list'>, code=<class 'str'>
ğŸš€ Generated Initial Analysis Plan for Analysis 4
ğŸš€ Beginning step 3...
DEBUG: interpret_results called with hypothesis=<class 'str'>, analysis_plan=<class 'list'>, code=<class 'str'>
ğŸš€ Generated Initial Analysis Plan for Analysis 4
ğŸš€ Beginning step 4...
âš ï¸ Code errored with: NameError: name 'scvi' is not defined
  ğŸ”§ Fix attempt 1/3
â° Message timeout after 2.0s, continuing...
â° Message timeout after 48.7s, continuing...
â° Message timeout after 99.4s, continuing...
â° Message timeout after 140.2s, continuing...
â° Message timeout after 178.0s, continuing...
â° Message timeout after 210.4s, continuing...
â° Message timeout after 256.6s, continuing...
â° Message timeout after 300.0s, continuing...
â° Message timeout after 346.3s, continuing...
â° Message timeout after 386.3s, continuing...
â° Message timeout after 430.8s, continuing...
â° Message timeout after 471.0s, continuing...
â° Message timeout after 540.8s, continuing...
â° Timeout reached during message wait (9.7 minutes)
  âœ… Fix successful on attempt 1
DEBUG: interpret_results called with hypothesis=<class 'str'>, analysis_plan=<class 'list'>, code=<class 'str'>
ğŸš€ Generated Initial Analysis Plan for Analysis 4
â° Message timeout after 9.0s, continuing...
â° Message timeout after 39.3s, continuing...
â° Message timeout after 72.2s, continuing...
â° Message timeout after 113.8s, continuing...
â° Message timeout after 159.2s, continuing...
â° Message timeout after 202.4s, continuing...
â° Message timeout after 245.4s, continuing...
â° Message timeout after 281.4s, continuing...
â° Message timeout after 330.3s, continuing...
â° Message timeout after 372.1s, continuing...
â° Message timeout after 417.5s, continuing...
â° Message timeout after 458.6s, continuing...
â° Message timeout after 499.1s, continuing...
â° Message timeout after 540.1s, continuing...
â° Timeout reached during message wait (9.7 minutes)
ğŸš€ Beginning step 5...
DEBUG: interpret_results called with hypothesis=<class 'str'>, analysis_plan=<class 'list'>, code=<class 'str'>
ğŸš€ Generated Initial Analysis Plan for Analysis 4
â° Message timeout after 10.6s, continuing...
â° Message timeout after 130.2s, continuing...
â° Message timeout after 165.3s, continuing...
â° Message timeout after 210.4s, continuing...
â° Message timeout after 243.6s, continuing...
â° Message timeout after 278.1s, continuing...
â° Message timeout after 341.9s, continuing...
â° Message timeout after 401.1s, continuing...
â° Message timeout after 492.8s, continuing...
â° Timeout reached during message wait (9.7 minutes)
ğŸš€ Beginning step 6...
DEBUG: interpret_results called with hypothesis=<class 'str'>, analysis_plan=<class 'list'>, code=<class 'str'>
ğŸš€ Generated Initial Analysis Plan for Analysis 4
â° Message timeout after 548.9s, continuing...
â° Timeout reached during message wait (9.7 minutes)
ğŸš€ Beginning step 7...
DEBUG: interpret_results called with hypothesis=<class 'str'>, analysis_plan=<class 'list'>, code=<class 'str'>
ğŸš€ Generated Initial Analysis Plan for Analysis 4
â° Message timeout after 518.1s, continuing...
â° Timeout reached during message wait (9.6 minutes)
ğŸš€ Beginning step 8...
DEBUG: interpret_results called with hypothesis=<class 'str'>, analysis_plan=<class 'list'>, code=<class 'str'>
ğŸ’¾ Saved notebook to: aging_ablation_082425/test_results_no_documentation_20250824_161516/outputs/test_no_documentation_20250824_161536/test_no_documentation_analysis_4.ipynb
âœ… Persistent kernel stopped
âœ… Completed Analysis 4
ğŸ§  Generating new analysis idea...

ğŸš€ Executing Analysis 5
âœ… Persistent kernel started
ğŸš€ Beginning step 1...
âš ï¸ Code errored with: ValueError: No valid genes were passed for scoring.
  ğŸ”§ Fix attempt 1/3
  âŒ Fix attempt 1 failed
  ğŸ”§ Fix attempt 2/3
  âœ… Fix successful on attempt 2
DEBUG: interpret_results called with hypothesis=<class 'str'>, analysis_plan=<class 'list'>, code=<class 'str'>
ğŸš€ Generated Initial Analysis Plan for Analysis 5
ğŸš€ Beginning step 2...
DEBUG: interpret_results called with hypothesis=<class 'str'>, analysis_plan=<class 'list'>, code=<class 'str'>
ğŸš€ Generated Initial Analysis Plan for Analysis 5
ğŸš€ Beginning step 3...
DEBUG: interpret_results called with hypothesis=<class 'str'>, analysis_plan=<class 'list'>, code=<class 'str'>
ğŸš€ Generated Initial Analysis Plan for Analysis 5
ğŸš€ Beginning step 4...
âš ï¸ Code errored with: KeyError: 'glycolysis_score'
  ğŸ”§ Fix attempt 1/3
  âŒ Fix attempt 1 failed
  ğŸ”§ Fix attempt 2/3
  âŒ Fix attempt 2 failed
  ğŸ”§ Fix attempt 3/3
  âŒ Fix attempt 3 failed
  âš ï¸ Failed to fix after 3 attempts. Moving to next iteration.
ğŸš€ Generated Initial Analysis Plan for Analysis 5
ğŸš€ Beginning step 5...
âš ï¸ Code errored with: ValueError: No valid genes were passed for scoring.
  ğŸ”§ Fix attempt 1/3
  âŒ Fix attempt 1 failed
  ğŸ”§ Fix attempt 2/3
  âœ… Fix successful on attempt 2
DEBUG: interpret_results called with hypothesis=<class 'str'>, analysis_plan=<class 'list'>, code=<class 'str'>
ğŸš€ Generated Initial Analysis Plan for Analysis 5
ğŸš€ Beginning step 6...
âš ï¸ Code errored with: KeyError: 'glycolysis_score'
  ğŸ”§ Fix attempt 1/3
  âŒ Fix attempt 1 failed
  ğŸ”§ Fix attempt 2/3
  âŒ Fix attempt 2 failed
  ğŸ”§ Fix attempt 3/3
  âŒ Fix attempt 3 failed
  âš ï¸ Failed to fix after 3 attempts. Moving to next iteration.
ğŸš€ Generated Initial Analysis Plan for Analysis 5
ğŸš€ Beginning step 7...
DEBUG: interpret_results called with hypothesis=<class 'str'>, analysis_plan=<class 'list'>, code=<class 'str'>
ğŸš€ Generated Initial Analysis Plan for Analysis 5
ğŸš€ Beginning step 8...
âš ï¸ Code errored with: NameError: name 'adata_ATAC' is not defined
  ğŸ”§ Fix attempt 1/3
  âŒ Fix attempt 1 failed
  ğŸ”§ Fix attempt 2/3
  âœ… Fix successful on attempt 2
DEBUG: interpret_results called with hypothesis=<class 'str'>, analysis_plan=<class 'list'>, code=<class 'str'>
ğŸ’¾ Saved notebook to: aging_ablation_082425/test_results_no_documentation_20250824_161516/outputs/test_no_documentation_20250824_161536/test_no_documentation_analysis_5.ipynb
âœ… Persistent kernel stopped
âœ… Completed Analysis 5
ğŸ§  Generating new analysis idea...

ğŸš€ Executing Analysis 6
âœ… Persistent kernel started
ğŸš€ Beginning step 1...
âš ï¸ Code errored with: ValueError: Per-column arrays must each be 1-dimensional
  ğŸ”§ Fix attempt 1/3
  âœ… Fix successful on attempt 1
DEBUG: interpret_results called with hypothesis=<class 'str'>, analysis_plan=<class 'list'>, code=<class 'str'>
ğŸš€ Generated Initial Analysis Plan for Analysis 6
ğŸš€ Beginning step 2...
DEBUG: interpret_results called with hypothesis=<class 'str'>, analysis_plan=<class 'list'>, code=<class 'str'>
ğŸš€ Generated Initial Analysis Plan for Analysis 6
ğŸš€ Beginning step 3...
DEBUG: interpret_results called with hypothesis=<class 'str'>, analysis_plan=<class 'list'>, code=<class 'str'>
ğŸš€ Generated Initial Analysis Plan for Analysis 6
ğŸš€ Beginning step 4...
DEBUG: interpret_results called with hypothesis=<class 'str'>, analysis_plan=<class 'list'>, code=<class 'str'>
ğŸš€ Generated Initial Analysis Plan for Analysis 6
ğŸš€ Beginning step 5...
âš ï¸ Code errored with: AttributeError: Can only use .cat accessor with a 'category' dtype
  ğŸ”§ Fix attempt 1/3
  âœ… Fix successful on attempt 1
DEBUG: interpret_results called with hypothesis=<class 'str'>, analysis_plan=<class 'list'>, code=<class 'str'>
ğŸš€ Generated Initial Analysis Plan for Analysis 6
ğŸš€ Beginning step 6...
DEBUG: interpret_results called with hypothesis=<class 'str'>, analysis_plan=<class 'list'>, code=<class 'str'>
ğŸš€ Generated Initial Analysis Plan for Analysis 6
ğŸš€ Beginning step 7...
DEBUG: interpret_results called with hypothesis=<class 'str'>, analysis_plan=<class 'list'>, code=<class 'str'>
ğŸš€ Generated Initial Analysis Plan for Analysis 6
ğŸš€ Beginning step 8...
âš ï¸ Code errored with: ValueError: No valid genes were passed for scoring.
  ğŸ”§ Fix attempt 1/3
  âŒ Fix attempt 1 failed
  ğŸ”§ Fix attempt 2/3
  âŒ Fix attempt 2 failed
  ğŸ”§ Fix attempt 3/3
  âŒ Fix attempt 3 failed
  âš ï¸ Failed to fix after 3 attempts. Moving to next iteration.
ğŸ’¾ Saved notebook to: aging_ablation_082425/test_results_no_documentation_20250824_161516/outputs/test_no_documentation_20250824_161536/test_no_documentation_analysis_6.ipynb
âœ… Persistent kernel stopped
âœ… Completed Analysis 6
ğŸ§  Generating new analysis idea...

ğŸš€ Executing Analysis 7
âœ… Persistent kernel started
ğŸš€ Beginning step 1...
âš ï¸ Code errored with: ValueError: No valid genes were passed for scoring.
  ğŸ”§ Fix attempt 1/3
  âœ… Fix successful on attempt 1
DEBUG: interpret_results called with hypothesis=<class 'str'>, analysis_plan=<class 'list'>, code=<class 'str'>
ğŸš€ Generated Initial Analysis Plan for Analysis 7
ğŸš€ Beginning step 2...
DEBUG: interpret_results called with hypothesis=<class 'str'>, analysis_plan=<class 'list'>, code=<class 'str'>
ğŸš€ Generated Initial Analysis Plan for Analysis 7
ğŸš€ Beginning step 3...
DEBUG: interpret_results called with hypothesis=<class 'str'>, analysis_plan=<class 'list'>, code=<class 'str'>
ğŸš€ Generated Initial Analysis Plan for Analysis 7
ğŸš€ Beginning step 4...
DEBUG: interpret_results called with hypothesis=<class 'str'>, analysis_plan=<class 'list'>, code=<class 'str'>
ğŸš€ Generated Initial Analysis Plan for Analysis 7
ğŸš€ Beginning step 5...
âš ï¸ Code errored with: ModuleNotFoundError: No module named 'some_database_api'
  ğŸ”§ Fix attempt 1/3
  âœ… Fix successful on attempt 1
DEBUG: interpret_results called with hypothesis=<class 'str'>, analysis_plan=<class 'list'>, code=<class 'str'>
ğŸš€ Generated Initial Analysis Plan for Analysis 7
ğŸš€ Beginning step 6...
âš ï¸ Code errored with: FileNotFoundError: [Errno 2] No such file or directory: '/path/to/kegg_reactome_genes.csv'
  ğŸ”§ Fix attempt 1/3
  âŒ Fix attempt 1 failed
  ğŸ”§ Fix attempt 2/3
  âœ… Fix successful on attempt 2
DEBUG: interpret_results called with hypothesis=<class 'str'>, analysis_plan=<class 'list'>, code=<class 'str'>
ğŸš€ Generated Initial Analysis Plan for Analysis 7
ğŸš€ Beginning step 7...
âš ï¸ Code errored with: ValueError: Did not find X_pca in `.obsm.keys()`. You need to compute it first.
  ğŸ”§ Fix attempt 1/3
  âŒ Fix attempt 1 failed
  ğŸ”§ Fix attempt 2/3
  âŒ Fix attempt 2 failed
  ğŸ”§ Fix attempt 3/3
  âœ… Fix successful on attempt 3
DEBUG: interpret_results called with hypothesis=<class 'str'>, analysis_plan=<class 'list'>, code=<class 'str'>
ğŸš€ Generated Initial Analysis Plan for Analysis 7
ğŸš€ Beginning step 8...
DEBUG: interpret_results called with hypothesis=<class 'str'>, analysis_plan=<class 'list'>, code=<class 'str'>
ğŸ’¾ Saved notebook to: aging_ablation_082425/test_results_no_documentation_20250824_161516/outputs/test_no_documentation_20250824_161536/test_no_documentation_analysis_7.ipynb
âœ… Persistent kernel stopped
âœ… Completed Analysis 7
ğŸ§  Generating new analysis idea...

ğŸš€ Executing Analysis 8
âœ… Persistent kernel started
ğŸš€ Beginning step 1...
DEBUG: interpret_results called with hypothesis=<class 'str'>, analysis_plan=<class 'list'>, code=<class 'str'>
ğŸš€ Generated Initial Analysis Plan for Analysis 8
ğŸš€ Beginning step 2...
âš ï¸ Code errored with: AttributeError: 'NoneType' object has no attribute 'to_adata'
  ğŸ”§ Fix attempt 1/3
  âŒ Fix attempt 1 failed
  ğŸ”§ Fix attempt 2/3
  âŒ Fix attempt 2 failed
  ğŸ”§ Fix attempt 3/3
  âœ… Fix successful on attempt 3
DEBUG: interpret_results called with hypothesis=<class 'str'>, analysis_plan=<class 'list'>, code=<class 'str'>
ğŸš€ Generated Initial Analysis Plan for Analysis 8
ğŸš€ Beginning step 3...
DEBUG: interpret_results called with hypothesis=<class 'str'>, analysis_plan=<class 'list'>, code=<class 'str'>
ğŸš€ Generated Initial Analysis Plan for Analysis 8
ğŸš€ Beginning step 4...
DEBUG: interpret_results called with hypothesis=<class 'str'>, analysis_plan=<class 'list'>, code=<class 'str'>
ğŸš€ Generated Initial Analysis Plan for Analysis 8
ğŸš€ Beginning step 5...
âš ï¸ Code errored with: KeyError: "Could not find keys '[np.str_('Batch')]' in columns of `adata.obs` or in adata.var_names."
  ğŸ”§ Fix attempt 1/3
  âŒ Fix attempt 1 failed
  ğŸ”§ Fix attempt 2/3
  âœ… Fix successful on attempt 2
DEBUG: interpret_results called with hypothesis=<class 'str'>, analysis_plan=<class 'list'>, code=<class 'str'>
ğŸš€ Generated Initial Analysis Plan for Analysis 8
ğŸš€ Beginning step 6...
âš ï¸ Code errored with: ZeroDivisionError: division by zero
  ğŸ”§ Fix attempt 1/3
  âœ… Fix successful on attempt 1
DEBUG: interpret_results called with hypothesis=<class 'str'>, analysis_plan=<class 'list'>, code=<class 'str'>
ğŸš€ Generated Initial Analysis Plan for Analysis 8
ğŸš€ Beginning step 7...
DEBUG: interpret_results called with hypothesis=<class 'str'>, analysis_plan=<class 'list'>, code=<class 'str'>
ğŸš€ Generated Initial Analysis Plan for Analysis 8
ğŸš€ Beginning step 8...
DEBUG: interpret_results called with hypothesis=<class 'str'>, analysis_plan=<class 'list'>, code=<class 'str'>
ğŸ’¾ Saved notebook to: aging_ablation_082425/test_results_no_documentation_20250824_161516/outputs/test_no_documentation_20250824_161536/test_no_documentation_analysis_8.ipynb
âœ… Persistent kernel stopped
âœ… Completed Analysis 8
ğŸ§  Generating new analysis idea...

ğŸš€ Executing Analysis 9
âœ… Persistent kernel started
ğŸš€ Beginning step 1...
DEBUG: interpret_results called with hypothesis=<class 'str'>, analysis_plan=<class 'list'>, code=<class 'str'>
ğŸš€ Generated Initial Analysis Plan for Analysis 9
ğŸš€ Beginning step 2...
DEBUG: interpret_results called with hypothesis=<class 'str'>, analysis_plan=<class 'list'>, code=<class 'str'>
ğŸš€ Generated Initial Analysis Plan for Analysis 9
ğŸš€ Beginning step 3...
âš ï¸ Code errored with: KeyError: "Could not find keys '[np.str_('AQP4'), np.str_('GFAP'), np.str_('PECAM1')]' in columns of `adata.obs` or in adata.raw.var_names."
  ğŸ”§ Fix attempt 1/3
  âŒ Fix attempt 1 failed
  ğŸ”§ Fix attempt 2/3
  âŒ Fix attempt 2 failed
  ğŸ”§ Fix attempt 3/3
  âŒ Fix attempt 3 failed
  âš ï¸ Failed to fix after 3 attempts. Moving to next iteration.
ğŸš€ Generated Initial Analysis Plan for Analysis 9
ğŸš€ Beginning step 4...
DEBUG: interpret_results called with hypothesis=<class 'str'>, analysis_plan=<class 'list'>, code=<class 'str'>
ğŸš€ Generated Initial Analysis Plan for Analysis 9
ğŸš€ Beginning step 5...
âš ï¸ Code errored with: SyntaxError: invalid character 'â€¦' (U+2026) (3305738066.py, line 22)
  ğŸ”§ Fix attempt 1/3
  âŒ Fix attempt 1 failed
  ğŸ”§ Fix attempt 2/3
  âŒ Fix attempt 2 failed
  ğŸ”§ Fix attempt 3/3
  âŒ Fix attempt 3 failed
  âš ï¸ Failed to fix after 3 attempts. Moving to next iteration.
ğŸš€ Generated Initial Analysis Plan for Analysis 9
ğŸš€ Beginning step 6...
âš ï¸ Code errored with: ValueError: No markers found in the dataset
  ğŸ”§ Fix attempt 1/3
  âŒ Fix attempt 1 failed
  ğŸ”§ Fix attempt 2/3
  âŒ Fix attempt 2 failed
  ğŸ”§ Fix attempt 3/3
  âŒ Fix attempt 3 failed
  âš ï¸ Failed to fix after 3 attempts. Moving to next iteration.
ğŸš€ Generated Initial Analysis Plan for Analysis 9
ğŸš€ Beginning step 7...
âš ï¸ Code errored with: TypeError: normalize_total() got an unexpected keyword argument 'flavor'
  ğŸ”§ Fix attempt 1/3
  âœ… Fix successful on attempt 1
DEBUG: interpret_results called with hypothesis=<class 'str'>, analysis_plan=<class 'list'>, code=<class 'str'>
ğŸš€ Generated Initial Analysis Plan for Analysis 9
ğŸš€ Beginning step 8...
DEBUG: interpret_results called with hypothesis=<class 'str'>, analysis_plan=<class 'list'>, code=<class 'str'>
ğŸ’¾ Saved notebook to: aging_ablation_082425/test_results_no_documentation_20250824_161516/outputs/test_no_documentation_20250824_161536/test_no_documentation_analysis_9.ipynb
âœ… Persistent kernel stopped
âœ… Completed Analysis 9
ğŸ§  Generating new analysis idea...

ğŸš€ Executing Analysis 10
âœ… Persistent kernel started
ğŸš€ Beginning step 1...
DEBUG: interpret_results called with hypothesis=<class 'str'>, analysis_plan=<class 'list'>, code=<class 'str'>
ğŸš€ Generated Initial Analysis Plan for Analysis 10
ğŸš€ Beginning step 2...
DEBUG: interpret_results called with hypothesis=<class 'str'>, analysis_plan=<class 'list'>, code=<class 'str'>
ğŸš€ Generated Initial Analysis Plan for Analysis 10
ğŸš€ Beginning step 3...
âš ï¸ Code errored with: TypeError: Choicelist and default value do not have a common dtype: The DType <class 'numpy.dtypes._PyLongDType'> could not be promoted by <class 'numpy.dtypes.StrDType'>. This means that no common DType exists for the given inputs. For example they cannot be stored in a single array unless the dtype is `object`. The full list of DTypes is: (<class 'numpy.dtypes.StrDType'>, <class 'numpy.dtypes.StrDType'>, <class 'numpy.dtypes.StrDType'>, <class 'numpy.dtypes.StrDType'>, <class 'numpy.dtypes.StrDType'>, <class 'numpy.dtypes._PyLongDType'>)
  ğŸ”§ Fix attempt 1/3
  âŒ Fix attempt 1 failed
  ğŸ”§ Fix attempt 2/3
  âœ… Fix successful on attempt 2
DEBUG: interpret_results called with hypothesis=<class 'str'>, analysis_plan=<class 'list'>, code=<class 'str'>
ğŸš€ Generated Initial Analysis Plan for Analysis 10
ğŸš€ Beginning step 4...
DEBUG: interpret_results called with hypothesis=<class 'str'>, analysis_plan=<class 'list'>, code=<class 'str'>
ğŸš€ Generated Initial Analysis Plan for Analysis 10
ğŸš€ Beginning step 5...
DEBUG: interpret_results called with hypothesis=<class 'str'>, analysis_plan=<class 'list'>, code=<class 'str'>
ğŸš€ Generated Initial Analysis Plan for Analysis 10
ğŸš€ Beginning step 6...
âš ï¸ Code errored with: AssertionError: age_group is not a valid key for in adata.obs
  ğŸ”§ Fix attempt 1/3
â° Message timeout after 1.5s, continuing...
â° Message timeout after 31.6s, continuing...
â° Message timeout after 71.1s, continuing...
â° Message timeout after 101.1s, continuing...
â° Message timeout after 147.5s, continuing...
â° Message timeout after 177.5s, continuing...
â° Message timeout after 211.9s, continuing...
â° Message timeout after 259.7s, continuing...
â° Message timeout after 307.1s, continuing...
â° Message timeout after 344.5s, continuing...
â° Message timeout after 394.5s, continuing...
â° Message timeout after 437.1s, continuing...
â° Message timeout after 479.2s, continuing...
â° Message timeout after 526.8s, continuing...
â° Message timeout after 563.5s, continuing...
â° Timeout reached during message wait (9.9 minutes)
  âœ… Fix successful on attempt 1
DEBUG: interpret_results called with hypothesis=<class 'str'>, analysis_plan=<class 'list'>, code=<class 'str'>
ğŸš€ Generated Initial Analysis Plan for Analysis 10
â° Message timeout after 18.4s, continuing...
â° Message timeout after 71.3s, continuing...
â° Message timeout after 120.9s, continuing...
â° Message timeout after 174.6s, continuing...
â° Message timeout after 229.1s, continuing...
â° Message timeout after 285.5s, continuing...
â° Message timeout after 338.3s, continuing...
â° Message timeout after 386.9s, continuing...
â° Message timeout after 416.9s, continuing...
â° Message timeout after 458.6s, continuing...
â° Message timeout after 508.4s, continuing...
â° Message timeout after 547.9s, continuing...
â° Timeout reached during message wait (9.6 minutes)
ğŸš€ Beginning step 7...
DEBUG: interpret_results called with hypothesis=<class 'str'>, analysis_plan=<class 'list'>, code=<class 'str'>
ğŸš€ Generated Initial Analysis Plan for Analysis 10
â° Message timeout after 10.1s, continuing...
â° Message timeout after 40.1s, continuing...
â° Message timeout after 74.9s, continuing...
â° Message timeout after 104.9s, continuing...
â° Message timeout after 153.3s, continuing...
â° Message timeout after 183.4s, continuing...
â° Message timeout after 221.8s, continuing...
â° Message timeout after 275.6s, continuing...
â° Message timeout after 305.6s, continuing...
â° Message timeout after 339.8s, continuing...
â° Message timeout after 369.9s, continuing...
â° Message timeout after 399.9s, continuing...
â° Message timeout after 458.1s, continuing...
â° Message timeout after 488.1s, continuing...
â° Message timeout after 523.5s, continuing...
â° Timeout reached during message wait (9.7 minutes)
ğŸš€ Beginning step 8...
DEBUG: interpret_results called with hypothesis=<class 'str'>, analysis_plan=<class 'list'>, code=<class 'str'>
ğŸ’¾ Saved notebook to: aging_ablation_082425/test_results_no_documentation_20250824_161516/outputs/test_no_documentation_20250824_161536/test_no_documentation_analysis_10.ipynb
âœ… Persistent kernel stopped
âœ… Completed Analysis 10
ğŸ§  Generating new analysis idea...

ğŸš€ Executing Analysis 11
âœ… Persistent kernel started
ğŸš€ Beginning step 1...
DEBUG: interpret_results called with hypothesis=<class 'str'>, analysis_plan=<class 'list'>, code=<class 'str'>
ğŸš€ Generated Initial Analysis Plan for Analysis 11
ğŸš€ Beginning step 2...
DEBUG: interpret_results called with hypothesis=<class 'str'>, analysis_plan=<class 'list'>, code=<class 'str'>
ğŸš€ Generated Initial Analysis Plan for Analysis 11
ğŸš€ Beginning step 3...
DEBUG: interpret_results called with hypothesis=<class 'str'>, analysis_plan=<class 'list'>, code=<class 'str'>
ğŸš€ Generated Initial Analysis Plan for Analysis 11
ğŸš€ Beginning step 4...
âš ï¸ Code errored with: ValueError: The column `adata.obs['Age']` needs to be categorical, but is of dtype float64.
  ğŸ”§ Fix attempt 1/3
  âœ… Fix successful on attempt 1
DEBUG: interpret_results called with hypothesis=<class 'str'>, analysis_plan=<class 'list'>, code=<class 'str'>
ğŸš€ Generated Initial Analysis Plan for Analysis 11
ğŸš€ Beginning step 5...
âš ï¸ Code errored with: ValueError: The column `adata.obs['Age']` needs to be categorical, but is of dtype float64.
  ğŸ”§ Fix attempt 1/3
  âœ… Fix successful on attempt 1
DEBUG: interpret_results called with hypothesis=<class 'str'>, analysis_plan=<class 'list'>, code=<class 'str'>
ğŸš€ Generated Initial Analysis Plan for Analysis 11
ğŸš€ Beginning step 6...
âš ï¸ Code errored with: ValueError: The column `adata.obs['Age']` needs to be categorical, but is of dtype float64.
  ğŸ”§ Fix attempt 1/3
  âœ… Fix successful on attempt 1
DEBUG: interpret_results called with hypothesis=<class 'str'>, analysis_plan=<class 'list'>, code=<class 'str'>
ğŸš€ Generated Initial Analysis Plan for Analysis 11
ğŸš€ Beginning step 7...
DEBUG: interpret_results called with hypothesis=<class 'str'>, analysis_plan=<class 'list'>, code=<class 'str'>
ğŸš€ Generated Initial Analysis Plan for Analysis 11
ğŸš€ Beginning step 8...
âš ï¸ Code errored with: NameError: name 'data' is not defined
  ğŸ”§ Fix attempt 1/3
  âœ… Fix successful on attempt 1
DEBUG: interpret_results called with hypothesis=<class 'str'>, analysis_plan=<class 'list'>, code=<class 'str'>
ğŸ’¾ Saved notebook to: aging_ablation_082425/test_results_no_documentation_20250824_161516/outputs/test_no_documentation_20250824_161536/test_no_documentation_analysis_11.ipynb
âœ… Persistent kernel stopped
âœ… Completed Analysis 11
ğŸ§  Generating new analysis idea...

ğŸš€ Executing Analysis 12
âœ… Persistent kernel started
ğŸš€ Beginning step 1...
âš ï¸ Code errored with: ValueError: Found array with 0 feature(s) (shape=(21458, 0)) while a minimum of 1 is required.
  ğŸ”§ Fix attempt 1/3
  âœ… Fix successful on attempt 1
DEBUG: interpret_results called with hypothesis=<class 'str'>, analysis_plan=<class 'list'>, code=<class 'str'>
ğŸš€ Generated Initial Analysis Plan for Analysis 12
ğŸš€ Beginning step 2...
âš ï¸ Code errored with: ValueError: Found array with 0 feature(s) (shape=(21458, 0)) while a minimum of 1 is required.
  ğŸ”§ Fix attempt 1/3
  âœ… Fix successful on attempt 1
DEBUG: interpret_results called with hypothesis=<class 'str'>, analysis_plan=<class 'list'>, code=<class 'str'>
ğŸš€ Generated Initial Analysis Plan for Analysis 12
ğŸš€ Beginning step 3...
âš ï¸ Code errored with: ModuleNotFoundError: No module named 'scvi.models'
  ğŸ”§ Fix attempt 1/3
  âŒ Fix attempt 1 failed
  ğŸ”§ Fix attempt 2/3
  âŒ Fix attempt 2 failed
  ğŸ”§ Fix attempt 3/3
  âŒ Fix attempt 3 failed
  âš ï¸ Failed to fix after 3 attempts. Moving to next iteration.
ğŸš€ Generated Initial Analysis Plan for Analysis 12
ğŸš€ Beginning step 4...
âš ï¸ Code errored with: ValueError: No specified transcription factor genes found, please verify the gene list.
  ğŸ”§ Fix attempt 1/3
  âŒ Fix attempt 1 failed
  ğŸ”§ Fix attempt 2/3
  âŒ Fix attempt 2 failed
  ğŸ”§ Fix attempt 3/3
  âŒ Fix attempt 3 failed
  âš ï¸ Failed to fix after 3 attempts. Moving to next iteration.
ğŸš€ Generated Initial Analysis Plan for Analysis 12
ğŸš€ Beginning step 5...
âš ï¸ Code errored with: ValueError: No transcription factor genes found with either pattern, please revise the gene lists.
  ğŸ”§ Fix attempt 1/3
  âŒ Fix attempt 1 failed
  ğŸ”§ Fix attempt 2/3
  âŒ Fix attempt 2 failed
  ğŸ”§ Fix attempt 3/3
  âŒ Fix attempt 3 failed
  âš ï¸ Failed to fix after 3 attempts. Moving to next iteration.
ğŸš€ Generated Initial Analysis Plan for Analysis 12
ğŸš€ Beginning step 6...
DEBUG: interpret_results called with hypothesis=<class 'str'>, analysis_plan=<class 'list'>, code=<class 'str'>
ğŸš€ Generated Initial Analysis Plan for Analysis 12
ğŸš€ Beginning step 7...
âš ï¸ Code errored with: ValueError: No marker genes found for the specified expanded gene set.
  ğŸ”§ Fix attempt 1/3
  âŒ Fix attempt 1 failed
  ğŸ”§ Fix attempt 2/3
  âŒ Fix attempt 2 failed
  ğŸ”§ Fix attempt 3/3
  âŒ Fix attempt 3 failed
  âš ï¸ Failed to fix after 3 attempts. Moving to next iteration.
ğŸš€ Generated Initial Analysis Plan for Analysis 12
ğŸš€ Beginning step 8...
âš ï¸ Code errored with: ValueError: No marker genes found in selected NSCs.
  ğŸ”§ Fix attempt 1/3
  âœ… Fix successful on attempt 1
DEBUG: interpret_results called with hypothesis=<class 'str'>, analysis_plan=<class 'list'>, code=<class 'str'>
ğŸ’¾ Saved notebook to: aging_ablation_082425/test_results_no_documentation_20250824_161516/outputs/test_no_documentation_20250824_161536/test_no_documentation_analysis_12.ipynb
âœ… Persistent kernel stopped
âœ… Completed Analysis 12
ğŸ§  Generating new analysis idea...

ğŸš€ Executing Analysis 13
âœ… Persistent kernel started
ğŸš€ Beginning step 1...
âš ï¸ Code errored with: TypeError: filter_cells() got an unexpected keyword argument 'subset'
  ğŸ”§ Fix attempt 1/3
  âŒ Fix attempt 1 failed
  ğŸ”§ Fix attempt 2/3
  âœ… Fix successful on attempt 2
DEBUG: interpret_results called with hypothesis=<class 'str'>, analysis_plan=<class 'list'>, code=<class 'str'>
ğŸš€ Generated Initial Analysis Plan for Analysis 13
ğŸš€ Beginning step 2...
âš ï¸ Code errored with: NameError: name 'data' is not defined
  ğŸ”§ Fix attempt 1/3
  âŒ Fix attempt 1 failed
  ğŸ”§ Fix attempt 2/3
  âŒ Fix attempt 2 failed
  ğŸ”§ Fix attempt 3/3
  âŒ Fix attempt 3 failed
  âš ï¸ Failed to fix after 3 attempts. Moving to next iteration.
ğŸš€ Generated Initial Analysis Plan for Analysis 13
ğŸš€ Beginning step 3...
âš ï¸ Code errored with: NameError: name 'data' is not defined
  ğŸ”§ Fix attempt 1/3
  âŒ Fix attempt 1 failed
  ğŸ”§ Fix attempt 2/3
  âŒ Fix attempt 2 failed
  ğŸ”§ Fix attempt 3/3
  âŒ Fix attempt 3 failed
  âš ï¸ Failed to fix after 3 attempts. Moving to next iteration.
ğŸš€ Generated Initial Analysis Plan for Analysis 13
ğŸš€ Beginning step 4...
âš ï¸ Code errored with: IndexError: Positions outside range of features.
  ğŸ”§ Fix attempt 1/3
  âŒ Fix attempt 1 failed
  ğŸ”§ Fix attempt 2/3
  âŒ Fix attempt 2 failed
  ğŸ”§ Fix attempt 3/3
  âŒ Fix attempt 3 failed
  âš ï¸ Failed to fix after 3 attempts. Moving to next iteration.
ğŸš€ Generated Initial Analysis Plan for Analysis 13
ğŸš€ Beginning step 5...
âš ï¸ Code errored with: KeyError: 'pct_counts_mt'
  ğŸ”§ Fix attempt 1/3
  âœ… Fix successful on attempt 1
DEBUG: interpret_results called with hypothesis=<class 'str'>, analysis_plan=<class 'list'>, code=<class 'str'>
ğŸš€ Generated Initial Analysis Plan for Analysis 13
ğŸš€ Beginning step 6...
DEBUG: interpret_results called with hypothesis=<class 'str'>, analysis_plan=<class 'list'>, code=<class 'str'>
ğŸš€ Generated Initial Analysis Plan for Analysis 13
ğŸš€ Beginning step 7...
DEBUG: interpret_results called with hypothesis=<class 'str'>, analysis_plan=<class 'list'>, code=<class 'str'>
ğŸš€ Generated Initial Analysis Plan for Analysis 13
ğŸš€ Beginning step 8...
DEBUG: interpret_results called with hypothesis=<class 'str'>, analysis_plan=<class 'list'>, code=<class 'str'>
ğŸ’¾ Saved notebook to: aging_ablation_082425/test_results_no_documentation_20250824_161516/outputs/test_no_documentation_20250824_161536/test_no_documentation_analysis_13.ipynb
âœ… Persistent kernel stopped
âœ… Completed Analysis 13
ğŸ§  Generating new analysis idea...

ğŸš€ Executing Analysis 14
âœ… Persistent kernel started
â° Message timeout after 7.3s, continuing...
ğŸš€ Beginning step 1...
DEBUG: interpret_results called with hypothesis=<class 'str'>, analysis_plan=<class 'list'>, code=<class 'str'>
ğŸš€ Generated Initial Analysis Plan for Analysis 14
ğŸš€ Beginning step 2...
DEBUG: interpret_results called with hypothesis=<class 'str'>, analysis_plan=<class 'list'>, code=<class 'str'>
ğŸš€ Generated Initial Analysis Plan for Analysis 14
ğŸš€ Beginning step 3...
DEBUG: interpret_results called with hypothesis=<class 'str'>, analysis_plan=<class 'list'>, code=<class 'str'>
ğŸš€ Generated Initial Analysis Plan for Analysis 14
ğŸš€ Beginning step 4...
DEBUG: interpret_results called with hypothesis=<class 'str'>, analysis_plan=<class 'list'>, code=<class 'str'>
ğŸš€ Generated Initial Analysis Plan for Analysis 14
ğŸš€ Beginning step 5...
âš ï¸ Code errored with: ValueError: Bin edges must be unique: Index([nan, nan, nan, nan, nan, nan, nan, nan, nan, nan, nan, nan, nan, nan,
       nan, nan, nan, nan, nan, nan, nan],
      dtype='float64').
You can drop duplicate edges by setting the 'duplicates' kwarg
  ğŸ”§ Fix attempt 1/3
  âŒ Fix attempt 1 failed
  ğŸ”§ Fix attempt 2/3
  âŒ Fix attempt 2 failed
  ğŸ”§ Fix attempt 3/3
  âŒ Fix attempt 3 failed
  âš ï¸ Failed to fix after 3 attempts. Moving to next iteration.
ğŸš€ Generated Initial Analysis Plan for Analysis 14
ğŸš€ Beginning step 6...
âš ï¸ Code errored with: ValueError: Found array with 0 sample(s) (shape=(0, 0)) while a minimum of 2 is required by FastICA.
  ğŸ”§ Fix attempt 1/3
  âœ… Fix successful on attempt 1
DEBUG: interpret_results called with hypothesis=<class 'str'>, analysis_plan=<class 'list'>, code=<class 'str'>
ğŸš€ Generated Initial Analysis Plan for Analysis 14
ğŸš€ Beginning step 7...
âš ï¸ Code errored with: ValueError: Only provide one of the optional parameters `min_counts`, `min_genes`, `max_counts`, `max_genes` per call.
  ğŸ”§ Fix attempt 1/3
  âŒ Fix attempt 1 failed
  ğŸ”§ Fix attempt 2/3
  âŒ Fix attempt 2 failed
  ğŸ”§ Fix attempt 3/3
  âŒ Fix attempt 3 failed
  âš ï¸ Failed to fix after 3 attempts. Moving to next iteration.
ğŸš€ Generated Initial Analysis Plan for Analysis 14
ğŸš€ Beginning step 8...
DEBUG: interpret_results called with hypothesis=<class 'str'>, analysis_plan=<class 'list'>, code=<class 'str'>
ğŸ’¾ Saved notebook to: aging_ablation_082425/test_results_no_documentation_20250824_161516/outputs/test_no_documentation_20250824_161536/test_no_documentation_analysis_14.ipynb
âœ… Persistent kernel stopped
âœ… Completed Analysis 14
ğŸ§  Generating new analysis idea...

ğŸš€ Executing Analysis 15
âœ… Persistent kernel started
ğŸš€ Beginning step 1...
âš ï¸ Code errored with: AssertionError: Length of new_levels (3) must be <= self.nlevels (2)
  ğŸ”§ Fix attempt 1/3
  âŒ Fix attempt 1 failed
  ğŸ”§ Fix attempt 2/3
  âœ… Fix successful on attempt 2
DEBUG: interpret_results called with hypothesis=<class 'str'>, analysis_plan=<class 'list'>, code=<class 'str'>
ğŸš€ Generated Initial Analysis Plan for Analysis 15
ğŸš€ Beginning step 2...
âš ï¸ Code errored with: ValueError: not enough values to unpack (expected 2, got 1)
  ğŸ”§ Fix attempt 1/3
  âœ… Fix successful on attempt 1
DEBUG: interpret_results called with hypothesis=<class 'str'>, analysis_plan=<class 'list'>, code=<class 'str'>
ğŸš€ Generated Initial Analysis Plan for Analysis 15
â° Message timeout after 0.0s, continuing...
â° Message timeout after 30.0s, continuing...
â° Message timeout after 60.1s, continuing...
â° Message timeout after 90.1s, continuing...
â° Message timeout after 120.1s, continuing...
â° Message timeout after 150.1s, continuing...
â° Message timeout after 180.1s, continuing...
â° Message timeout after 210.1s, continuing...
â° Message timeout after 240.2s, continuing...
â° Message timeout after 270.2s, continuing...
â° Message timeout after 300.2s, continuing...
â° Message timeout after 330.2s, continuing...
â° Message timeout after 360.2s, continuing...
â° Message timeout after 390.3s, continuing...
â° Message timeout after 420.3s, continuing...
â° Message timeout after 450.3s, continuing...
â° Message timeout after 480.3s, continuing...
â° Message timeout after 510.4s, continuing...
â° Message timeout after 540.4s, continuing...
â° Timeout reached during message wait (9.5 minutes)
ğŸš€ Beginning step 3...
DEBUG: interpret_results called with hypothesis=<class 'str'>, analysis_plan=<class 'list'>, code=<class 'str'>
ğŸš€ Generated Initial Analysis Plan for Analysis 15
â° Message timeout after 0.0s, continuing...
â° Message timeout after 30.0s, continuing...
â° Message timeout after 60.0s, continuing...
â° Message timeout after 90.0s, continuing...
â° Message timeout after 120.0s, continuing...
â° Message timeout after 150.0s, continuing...
â° Message timeout after 180.0s, continuing...
â° Message timeout after 210.1s, continuing...
â° Message timeout after 240.1s, continuing...
â° Message timeout after 270.1s, continuing...
â° Message timeout after 300.1s, continuing...
â° Message timeout after 330.1s, continuing...
â° Message timeout after 360.1s, continuing...
â° Message timeout after 390.1s, continuing...
â° Message timeout after 420.1s, continuing...
â° Message timeout after 450.2s, continuing...
â° Message timeout after 480.2s, continuing...
â° Message timeout after 510.2s, continuing...
â° Message timeout after 540.2s, continuing...
â° Timeout reached during message wait (9.5 minutes)
ğŸš€ Beginning step 4...
DEBUG: interpret_results called with hypothesis=<class 'str'>, analysis_plan=<class 'list'>, code=<class 'str'>
ğŸš€ Generated Initial Analysis Plan for Analysis 15
â° Message timeout after 0.0s, continuing...
â° Message timeout after 30.0s, continuing...
â° Message timeout after 60.0s, continuing...
â° Message timeout after 90.1s, continuing...
â° Message timeout after 120.1s, continuing...
â° Message timeout after 150.1s, continuing...
â° Message timeout after 180.1s, continuing...
â° Message timeout after 210.1s, continuing...
â° Message timeout after 240.1s, continuing...
â° Message timeout after 270.1s, continuing...
â° Message timeout after 300.1s, continuing...
â° Message timeout after 330.1s, continuing...
â° Message timeout after 360.2s, continuing...
â° Message timeout after 390.2s, continuing...
â° Message timeout after 420.2s, continuing...
â° Message timeout after 450.2s, continuing...
â° Message timeout after 480.2s, continuing...
âš ï¸ Warning: Kernel still appears busy after supposed completion
ğŸš€ Beginning step 5...
DEBUG: interpret_results called with hypothesis=<class 'str'>, analysis_plan=<class 'list'>, code=<class 'str'>
ğŸš€ Generated Initial Analysis Plan for Analysis 15
âš ï¸ Warning: Kernel still appears busy after supposed completion
ğŸš€ Beginning step 6...
DEBUG: interpret_results called with hypothesis=<class 'str'>, analysis_plan=<class 'list'>, code=<class 'str'>
ğŸš€ Generated Initial Analysis Plan for Analysis 15
âš ï¸ Warning: Kernel still appears busy after supposed completion
ğŸš€ Beginning step 7...
DEBUG: interpret_results called with hypothesis=<class 'str'>, analysis_plan=<class 'list'>, code=<class 'str'>
ğŸš€ Generated Initial Analysis Plan for Analysis 15
âš ï¸ Warning: Kernel still appears busy after supposed completion
ğŸš€ Beginning step 8...
DEBUG: interpret_results called with hypothesis=<class 'str'>, analysis_plan=<class 'list'>, code=<class 'str'>
ğŸ’¾ Saved notebook to: aging_ablation_082425/test_results_no_documentation_20250824_161516/outputs/test_no_documentation_20250824_161536/test_no_documentation_analysis_15.ipynb
âœ… Persistent kernel stopped
âœ… Completed Analysis 15
âœ… Persistent kernel stopped
ğŸ“Š Analyzing generated notebooks and logs...
ğŸ“„ Analyzing log files...
ğŸ“Š Log analysis complete: 0 failures, 0 attempts
ğŸ“Š Log-based success estimate: 0/0 steps successful
ğŸ““ Analyzing 15 notebook(s)...
  ğŸ““ Analyzing test_no_documentation_analysis_3.ipynb...
  ğŸ““ Analyzing test_no_documentation_analysis_2.ipynb...
  ğŸ““ Analyzing test_no_documentation_analysis_14.ipynb...
  ğŸ““ Analyzing test_no_documentation_analysis_7.ipynb...
  ğŸ““ Analyzing test_no_documentation_analysis_6.ipynb...
  ğŸ““ Analyzing test_no_documentation_analysis_15.ipynb...
  ğŸ““ Analyzing test_no_documentation_analysis_4.ipynb...
  ğŸ““ Analyzing test_no_documentation_analysis_10.ipynb...
  ğŸ““ Analyzing test_no_documentation_analysis_12.ipynb...
  ğŸ““ Analyzing test_no_documentation_analysis_8.ipynb...
  ğŸ““ Analyzing test_no_documentation_analysis_13.ipynb...
  ğŸ““ Analyzing test_no_documentation_analysis_9.ipynb...
  ğŸ““ Analyzing test_no_documentation_analysis_11.ipynb...
  ğŸ““ Analyzing test_no_documentation_analysis_1.ipynb...
  ğŸ““ Analyzing test_no_documentation_analysis_5.ipynb...
ğŸ““ Notebook analysis complete: 102/135 cells successful
ğŸ“ˆ Final Success Rate: 75.56% (102/135)
ğŸ’¥ Total Failure Rate: 0.00% (0/0 attempts)

âœ… No execution data found in log analysis
ğŸ’¾ Results saved to: aging_ablation_082425/results_no_documentation.json
ğŸ“Š NO_DOCUMENTATION Results:
   Final Success Rate: 75.56%
   Total Failure Rate: 0.00%
   Final Successful Cells: 102
   Total Failures: 0
   Total Attempts: 0
âœ… Ablation test no_documentation completed!
