ğŸš€ Running ablation test: no_vlm
   Self-critique: âœ…
   VLM: âŒ
   Analyses: 25
   Max iterations: 8

ğŸ§ª Testing no_vlm...
   Self-critique: âœ…
   VLM: âŒ
Loading anndata .obs for summarization...
Loaded obs data: 44721 rows Ã— 22 columns
ADATA SUMMARY:  Below is a description of the columns in adata.obs: 
Column Admission contains the unique values ['ICU', 'Floor', 'N/A']
Categories (3, object): ['Floor', 'ICU', 'N/A'] 
Column ClusterID contains the unique values ['13', '10', '19', '22', '30', ..., '14', '12', '23', '27', '28']
Length: 25
Categories (30, object): ['1', '2', '3', '4', ..., '27', '28', '29', '30']and 5 other unique values... 
Column DPS contains the unique values [ 9 11 16 15  2 12  0] 
Column DTF contains the unique values [ 9 11 16  1  0] 
Column Donor_full contains the unique values ['C1 A', 'C1 B', 'C2', 'C3', 'C4', ..., 'H2', 'H3', 'H4', 'H5', 'H6']
Length: 14
Categories (14, object): ['C1 A', 'C1 B', 'C2', 'C3', ..., 'H3', 'H4', 'H5', 'H6'] 
Column HLA1 contains the unique values [-0.02605255  0.02352518 -0.04427108 -0.03803968 -0.04360528 -0.07198744
 -0.07539593 -0.01513437 -0.01993403 -0.01622227 -0.06413622 -0.07199714
 -0.07057579 -0.07952039 -0.07559886  0.02820856 -0.07096995  0.10449086
  0.02217309  0.01836409 -0.06735592 -0.08256716 -0.08864895 -0.07031567
 -0.09437279]and 44610 other unique values... 
Column IFN1 contains the unique values [ 0.01562502 -0.00032206  0.08638541  0.0225901   0.01073935  0.06448282
  0.05037806  0.09174445  0.12421456  0.14351875  0.05859176  0.09241498
  0.11631709  0.07531875  0.05454702  0.06147264  0.0674489   0.08906084
  0.09544304  0.07967678  0.08848803  0.15639192  0.04690772  0.10474696
  0.12281945]and 44675 other unique values... 
Column Sex contains the unique values ['M', 'F']
Categories (2, object): ['F', 'M'] 
Column Status contains the unique values ['COVID', 'Healthy']
Categories (2, object): ['COVID', 'Healthy'] 
Column Ventilated contains the unique values ['NonVent', 'Vent', 'Healthy']
Categories (3, object): ['Healthy', 'NonVent', 'Vent'] 
Column cell_type_coarse contains the unique values ['RBC', 'B', 'PB', 'CD14 Monocyte', 'CD8 T', ..., 'Granulocyte', 'CD16 Monocyte', 'gd T', 'pDC', 'DC']
Length: 13
Categories (13, object): ['B', 'CD4 T', 'CD8 T', 'CD14 Monocyte', ..., 'Platelet', 'RBC', 'gd T',
                          'pDC'] 
Column cell_type_fine contains the unique values ['RBC', 'Class-switched B', 'IgG PB', 'IgA PB', 'CD14 Monocyte', ..., 'gd T', 'pDC', 'Activated Granulocyte', 'SC & Eosinophil', 'DC']
Length: 20
Categories (20, object): ['Activated Granulocyte', 'B', 'CD4 T', 'CD4m T', ..., 'RBC', 'SC & Eosinophil', 'gd T',
                          'pDC'] 
Column nCount_RNA contains the unique values [1222. 1099. 1055. 2411. 2276. 1166. 1080. 1109. 1032. 1048. 1160. 1085.
 1130. 1148. 1102. 1276. 1305. 1014. 1066. 1127. 1295. 1022. 1045. 1021.
 1002.]and 6913 other unique values... 
Column nCount_SCT contains the unique values [1682. 1700. 1661. 1971. 1948. 1619. 1626. 1569. 1602. 1570. 1662. 1581.
 1634. 1583. 1573. 1611. 1672. 1574. 1565. 1495. 1646. 1566. 1561. 1568.
 1557.]and 1298 other unique values... 
Column nFeature_RNA contains the unique values [125 160 212 312 336 351 374 384 392 401 409 424 412 428 431 438 440 447
 442 441 467 458 446 471 462]and 3284 other unique values... 
Column nFeature_SCT contains the unique values [126 160 213 312 336 351 374 384 392 401 409 424 412 428 431 438 440 447
 442 441 467 458 446 471 463]and 1760 other unique values... 
Column percent_mt contains the unique values [ 1.3093289 13.10282    2.9383886 10.908337  11.203866   5.0600343
 10.092592   5.9513073 16.18217    2.0992367  4.3965516  7.373272
 10.619469   3.2229965  5.263158  13.557994   7.5095787  6.8047338
  8.442777   1.242236   7.7992277  6.7514677  4.6889954  6.4642506
  8.72093  ]and 38921 other unique values... 
Column percent_rpl contains the unique values [0.24549918 0.36396724 0.9478673  0.16590627 0.3075571  1.1149228
 0.5555556  2.5247972  0.872093   1.0496184  1.2068965  1.5668203
 2.743363   1.3937283  2.0871143  1.0971787  1.2260536  1.8737673
 1.0318949  2.573203   2.084942   1.0763209  1.8181819  1.2732615
 2.6162791 ]and 36348 other unique values... 
Column percent_rps contains the unique values [0.08183306 0.36396724 0.6635071  0.04147657 0.26362038 0.6861063
 0.46296296 2.3444545  0.872093   0.85877866 1.1206896  2.3963134
 1.9469026  1.3066202  2.4500906  0.86206895 1.2260536  1.2820513
 0.5628518  1.242236   1.7760618  0.5870842  1.722488   0.78354555
 1.6472868 ]and 35477 other unique values... 
Column percent_rrna contains the unique values [46.644844 58.78071  55.829384 67.39942  67.35501  36.277874 46.48148
 29.93688  36.918606 45.419846 52.672413 35.115208 41.061947 29.529617
 32.94011  23.589342 44.980843 39.250492 38.742966 10.913931 35.521236
 38.16047  39.04306  39.86288  33.720932]and 41986 other unique values... 
Column seurat_clusters contains the unique values ['12', '9', '18', '21', '29', ..., '13', '11', '22', '26', '27']
Length: 25
Categories (30, object): ['0', '1', '2', '3', ..., '26', '27', '28', '29']and 5 other unique values... 
Column singler contains the unique values ['Erythroblast', 'B_cell', 'NK_cell', 'Monocyte', 'T_cells', ..., 'Pro-Myelocyte', 'Endothelial_cells', 'BM & Prog.', 'DC', 'HSC_CD34+']
Length: 21
Categories (21, object): ['BM', 'BM & Prog.', 'B_cell', 'CMP', ..., 'Pre-B_cell_CD34-',
                          'Pro-B_cell_CD34+', 'Pro-Myelocyte', 'T_cells'] 

âœ… Loaded ../example/covid19.h5ad

ğŸš€ Starting Analysis 1
âœ… Persistent kernel started
ğŸš€ Generated Initial Analysis Plan for Analysis 1
ğŸš€ Beginning step 1...
âš ï¸ Code errored with: AssertionError: metabolic_genes column missing.
  ğŸ”§ Fix attempt 1/3
  âŒ Fix attempt 1 failed
  ğŸ”§ Fix attempt 2/3
  âŒ Fix attempt 2 failed
  ğŸ”§ Fix attempt 3/3
  âŒ Fix attempt 3 failed
  âš ï¸ Failed to fix after 3 attempts. Moving to next iteration.
ğŸš€ Generated Initial Analysis Plan for Analysis 1
ğŸš€ Beginning step 2...
ğŸš€ Generated Initial Analysis Plan for Analysis 1
ğŸš€ Beginning step 3...
ğŸš€ Generated Initial Analysis Plan for Analysis 1
ğŸš€ Beginning step 4...
ğŸš€ Generated Initial Analysis Plan for Analysis 1
ğŸš€ Beginning step 5...
ğŸš€ Generated Initial Analysis Plan for Analysis 1
ğŸš€ Beginning step 6...
âš ï¸ Code errored with: UFuncTypeError: ufunc 'less' did not contain a loop with signature matching types (<class 'numpy.dtypes.VoidDType'>, <class 'numpy.dtypes._PyFloatDType'>) -> None
  ğŸ”§ Fix attempt 1/3
  âŒ Fix attempt 1 failed
  ğŸ”§ Fix attempt 2/3
  âŒ Fix attempt 2 failed
  ğŸ”§ Fix attempt 3/3
  âŒ Fix attempt 3 failed
  âš ï¸ Failed to fix after 3 attempts. Moving to next iteration.
ğŸš€ Generated Initial Analysis Plan for Analysis 1
ğŸš€ Beginning step 7...
ğŸš€ Generated Initial Analysis Plan for Analysis 1
ğŸš€ Beginning step 8...
ğŸ’¾ Saved notebook to: covid_ablation_080725/test_results_no_vlm_20250807_122503/outputs/test_no_vlm_20250807_122518/test_no_vlm_analysis_1.ipynb
âœ… Persistent kernel stopped
âœ… Completed Analysis 1

ğŸš€ Starting Analysis 2
âœ… Persistent kernel started
ğŸš€ Generated Initial Analysis Plan for Analysis 2
ğŸš€ Beginning step 1...
ğŸš€ Generated Initial Analysis Plan for Analysis 2
ğŸš€ Beginning step 2...
ğŸš€ Generated Initial Analysis Plan for Analysis 2
ğŸš€ Beginning step 3...
ğŸš€ Generated Initial Analysis Plan for Analysis 2
ğŸš€ Beginning step 4...
ğŸš€ Generated Initial Analysis Plan for Analysis 2
ğŸš€ Beginning step 5...
âš ï¸ Code errored with: TypeError: cannot unpack non-iterable NoneType object
  ğŸ”§ Fix attempt 1/3
  âŒ Fix attempt 1 failed
  ğŸ”§ Fix attempt 2/3
  âŒ Fix attempt 2 failed
  ğŸ”§ Fix attempt 3/3
  âŒ Fix attempt 3 failed
  âš ï¸ Failed to fix after 3 attempts. Moving to next iteration.
ğŸš€ Generated Initial Analysis Plan for Analysis 2
ğŸš€ Beginning step 6...
ğŸš€ Generated Initial Analysis Plan for Analysis 2
ğŸš€ Beginning step 7...
âš ï¸ Code errored with: NameError: name 'key_subpopulations' is not defined
  ğŸ”§ Fix attempt 1/3
  âœ… Fix successful on attempt 1
ğŸš€ Generated Initial Analysis Plan for Analysis 2
ğŸš€ Beginning step 8...
âš ï¸ Code errored with: KeyError: 'subpopulations'
  ğŸ”§ Fix attempt 1/3
  âŒ Fix attempt 1 failed
  ğŸ”§ Fix attempt 2/3
  âœ… Fix successful on attempt 2
ğŸ’¾ Saved notebook to: covid_ablation_080725/test_results_no_vlm_20250807_122503/outputs/test_no_vlm_20250807_122518/test_no_vlm_analysis_2.ipynb
âœ… Persistent kernel stopped
âœ… Completed Analysis 2

ğŸš€ Starting Analysis 3
âœ… Persistent kernel started
ğŸš€ Generated Initial Analysis Plan for Analysis 3
ğŸš€ Beginning step 1...
âš ï¸ Code errored with: NameError: name 'scipy' is not defined
  ğŸ”§ Fix attempt 1/3
  âŒ Fix attempt 1 failed
  ğŸ”§ Fix attempt 2/3
  âœ… Fix successful on attempt 2
ğŸš€ Generated Initial Analysis Plan for Analysis 3
ğŸš€ Beginning step 2...
âš ï¸ Code errored with: AttributeError: 'DataFrame' object has no attribute 'append'
  ğŸ”§ Fix attempt 1/3
  âœ… Fix successful on attempt 1
ğŸš€ Generated Initial Analysis Plan for Analysis 3
ğŸš€ Beginning step 3...
ğŸš€ Generated Initial Analysis Plan for Analysis 3
ğŸš€ Beginning step 4...
âš ï¸ Code errored with: UFuncTypeError: ufunc 'less_equal' did not contain a loop with signature matching types (<class 'numpy.dtypes.VoidDType'>, <class 'numpy.dtypes.Float64DType'>) -> None
  ğŸ”§ Fix attempt 1/3
  âŒ Fix attempt 1 failed
  ğŸ”§ Fix attempt 2/3
  âŒ Fix attempt 2 failed
  ğŸ”§ Fix attempt 3/3
  âŒ Fix attempt 3 failed
  âš ï¸ Failed to fix after 3 attempts. Moving to next iteration.
ğŸš€ Generated Initial Analysis Plan for Analysis 3
ğŸš€ Beginning step 5...
âš ï¸ Code errored with: SyntaxError: f-string: unmatched '(' (1281641827.py, line 17)
  ğŸ”§ Fix attempt 1/3
  âŒ Fix attempt 1 failed
  ğŸ”§ Fix attempt 2/3
  âŒ Fix attempt 2 failed
  ğŸ”§ Fix attempt 3/3
  âŒ Fix attempt 3 failed
  âš ï¸ Failed to fix after 3 attempts. Moving to next iteration.
ğŸš€ Generated Initial Analysis Plan for Analysis 3
ğŸš€ Beginning step 6...
âš ï¸ Code errored with: TypeError: cannot cast dtype (numpy.record, [('COVID', 'O'), ('Healthy', 'O')]) to <class 'numpy.dtypes.StrDType'>.
  ğŸ”§ Fix attempt 1/3
  âŒ Fix attempt 1 failed
  ğŸ”§ Fix attempt 2/3
  âœ… Fix successful on attempt 2
ğŸš€ Generated Initial Analysis Plan for Analysis 3
ğŸš€ Beginning step 7...
âš ï¸ Code errored with: KeyError: 'rank_genes_groups'
  ğŸ”§ Fix attempt 1/3
  âŒ Fix attempt 1 failed
  ğŸ”§ Fix attempt 2/3
  âŒ Fix attempt 2 failed
  ğŸ”§ Fix attempt 3/3
  âŒ Fix attempt 3 failed
  âš ï¸ Failed to fix after 3 attempts. Moving to next iteration.
ğŸš€ Generated Initial Analysis Plan for Analysis 3
ğŸš€ Beginning step 8...
âš ï¸ Code errored with: KeyError: 'cell_type_coarse'
  ğŸ”§ Fix attempt 1/3
  âŒ Fix attempt 1 failed
  ğŸ”§ Fix attempt 2/3
  âŒ Fix attempt 2 failed
  ğŸ”§ Fix attempt 3/3
  âŒ Fix attempt 3 failed
  âš ï¸ Failed to fix after 3 attempts. Moving to next iteration.
ğŸ’¾ Saved notebook to: covid_ablation_080725/test_results_no_vlm_20250807_122503/outputs/test_no_vlm_20250807_122518/test_no_vlm_analysis_3.ipynb
âœ… Persistent kernel stopped
âœ… Completed Analysis 3

ğŸš€ Starting Analysis 4
âœ… Persistent kernel started
ğŸš€ Generated Initial Analysis Plan for Analysis 4
ğŸš€ Beginning step 1...
ğŸš€ Generated Initial Analysis Plan for Analysis 4
ğŸš€ Beginning step 2...
ğŸš€ Generated Initial Analysis Plan for Analysis 4
ğŸš€ Beginning step 3...
âš ï¸ Code errored with: TypeError: Cannot compare structured or void to non-void arrays.
  ğŸ”§ Fix attempt 1/3
  âŒ Fix attempt 1 failed
  ğŸ”§ Fix attempt 2/3
  âŒ Fix attempt 2 failed
  ğŸ”§ Fix attempt 3/3
  âŒ Fix attempt 3 failed
  âš ï¸ Failed to fix after 3 attempts. Moving to next iteration.
ğŸš€ Generated Initial Analysis Plan for Analysis 4
ğŸš€ Beginning step 4...
âš ï¸ Code errored with: ValueError: If using all scalar values, you must pass an index
  ğŸ”§ Fix attempt 1/3
  âŒ Fix attempt 1 failed
  ğŸ”§ Fix attempt 2/3
  âŒ Fix attempt 2 failed
  ğŸ”§ Fix attempt 3/3
  âœ… Fix successful on attempt 3
ğŸš€ Generated Initial Analysis Plan for Analysis 4
ğŸš€ Beginning step 5...
ğŸš€ Generated Initial Analysis Plan for Analysis 4
ğŸš€ Beginning step 6...
âš ï¸ Code errored with: UFuncTypeError: ufunc 'less' did not contain a loop with signature matching types (<class 'numpy.dtypes.VoidDType'>, <class 'numpy.dtypes._PyFloatDType'>) -> None
  ğŸ”§ Fix attempt 1/3
  âŒ Fix attempt 1 failed
  ğŸ”§ Fix attempt 2/3
  âŒ Fix attempt 2 failed
  ğŸ”§ Fix attempt 3/3
  âŒ Fix attempt 3 failed
  âš ï¸ Failed to fix after 3 attempts. Moving to next iteration.
ğŸš€ Generated Initial Analysis Plan for Analysis 4
ğŸš€ Beginning step 7...
âš ï¸ Code errored with: ValueError: If using all scalar values, you must pass an index
  ğŸ”§ Fix attempt 1/3
  âŒ Fix attempt 1 failed
  ğŸ”§ Fix attempt 2/3
  âŒ Fix attempt 2 failed
  ğŸ”§ Fix attempt 3/3
  âŒ Fix attempt 3 failed
  âš ï¸ Failed to fix after 3 attempts. Moving to next iteration.
ğŸš€ Generated Initial Analysis Plan for Analysis 4
ğŸš€ Beginning step 8...
âš ï¸ Code errored with: ZeroDivisionError: division by zero
  ğŸ”§ Fix attempt 1/3
  âŒ Fix attempt 1 failed
  ğŸ”§ Fix attempt 2/3
  âŒ Fix attempt 2 failed
  ğŸ”§ Fix attempt 3/3
  âŒ Fix attempt 3 failed
  âš ï¸ Failed to fix after 3 attempts. Moving to next iteration.
ğŸ’¾ Saved notebook to: covid_ablation_080725/test_results_no_vlm_20250807_122503/outputs/test_no_vlm_20250807_122518/test_no_vlm_analysis_4.ipynb
âœ… Persistent kernel stopped
âœ… Completed Analysis 4

ğŸš€ Starting Analysis 5
âœ… Persistent kernel started
ğŸš€ Generated Initial Analysis Plan for Analysis 5
ğŸš€ Beginning step 1...
âš ï¸ Code errored with: KeyError: 'HLA1'
  ğŸ”§ Fix attempt 1/3
  âœ… Fix successful on attempt 1
ğŸš€ Generated Initial Analysis Plan for Analysis 5
ğŸš€ Beginning step 2...
ğŸš€ Generated Initial Analysis Plan for Analysis 5
ğŸš€ Beginning step 3...
ğŸš€ Generated Initial Analysis Plan for Analysis 5
ğŸš€ Beginning step 4...
ğŸš€ Generated Initial Analysis Plan for Analysis 5
ğŸš€ Beginning step 5...
âš ï¸ Code errored with: KeyError: 'CXCL8'
  ğŸ”§ Fix attempt 1/3
  âœ… Fix successful on attempt 1
ğŸš€ Generated Initial Analysis Plan for Analysis 5
ğŸš€ Beginning step 6...
ğŸš€ Generated Initial Analysis Plan for Analysis 5
ğŸš€ Beginning step 7...
âš ï¸ Code errored with: TypeError: 'NoneType' object is not subscriptable
  ğŸ”§ Fix attempt 1/3
  âŒ Fix attempt 1 failed
  ğŸ”§ Fix attempt 2/3
  âŒ Fix attempt 2 failed
  ğŸ”§ Fix attempt 3/3
  âŒ Fix attempt 3 failed
  âš ï¸ Failed to fix after 3 attempts. Moving to next iteration.
ğŸš€ Generated Initial Analysis Plan for Analysis 5
ğŸš€ Beginning step 8...
ğŸ’¾ Saved notebook to: covid_ablation_080725/test_results_no_vlm_20250807_122503/outputs/test_no_vlm_20250807_122518/test_no_vlm_analysis_5.ipynb
âœ… Persistent kernel stopped
âœ… Completed Analysis 5

ğŸš€ Starting Analysis 6
âœ… Persistent kernel started
ğŸš€ Generated Initial Analysis Plan for Analysis 6
ğŸš€ Beginning step 1...
ğŸš€ Generated Initial Analysis Plan for Analysis 6
ğŸš€ Beginning step 2...
ğŸš€ Generated Initial Analysis Plan for Analysis 6
ğŸš€ Beginning step 3...
ğŸš€ Generated Initial Analysis Plan for Analysis 6
ğŸš€ Beginning step 4...
ğŸš€ Generated Initial Analysis Plan for Analysis 6
ğŸš€ Beginning step 5...
ğŸš€ Generated Initial Analysis Plan for Analysis 6
ğŸš€ Beginning step 6...
ğŸš€ Generated Initial Analysis Plan for Analysis 6
ğŸš€ Beginning step 7...
ğŸš€ Generated Initial Analysis Plan for Analysis 6
ğŸš€ Beginning step 8...
ğŸ’¾ Saved notebook to: covid_ablation_080725/test_results_no_vlm_20250807_122503/outputs/test_no_vlm_20250807_122518/test_no_vlm_analysis_6.ipynb
âœ… Persistent kernel stopped
âœ… Completed Analysis 6

ğŸš€ Starting Analysis 7
âœ… Persistent kernel started
ğŸš€ Generated Initial Analysis Plan for Analysis 7
ğŸš€ Beginning step 1...
ğŸš€ Generated Initial Analysis Plan for Analysis 7
ğŸš€ Beginning step 2...
âš ï¸ Code errored with: TypeError: Cannot compare structured or void to non-void arrays.
  ğŸ”§ Fix attempt 1/3
  âœ… Fix successful on attempt 1
ğŸš€ Generated Initial Analysis Plan for Analysis 7
ğŸš€ Beginning step 3...
âš ï¸ Code errored with: ValueError: reference = Healthy needs to be one of groupby = [].
  ğŸ”§ Fix attempt 1/3
  âŒ Fix attempt 1 failed
  ğŸ”§ Fix attempt 2/3
  âŒ Fix attempt 2 failed
  ğŸ”§ Fix attempt 3/3
  âœ… Fix successful on attempt 3
ğŸš€ Generated Initial Analysis Plan for Analysis 7
ğŸš€ Beginning step 4...
ğŸš€ Generated Initial Analysis Plan for Analysis 7
ğŸš€ Beginning step 5...
âš ï¸ Code errored with: KeyError: 'HLA_avg'
  ğŸ”§ Fix attempt 1/3
  âœ… Fix successful on attempt 1
ğŸš€ Generated Initial Analysis Plan for Analysis 7
ğŸš€ Beginning step 6...
âš ï¸ Code errored with: ImportError: cannot import name 'get_num_classes' from 'torchmetrics.utilities.data' (/scratch/users/salber/packages/miniconda3/envs/CellVoyager/lib/python3.9/site-packages/torchmetrics/utilities/data.py)
  ğŸ”§ Fix attempt 1/3
  âŒ Fix attempt 1 failed
  ğŸ”§ Fix attempt 2/3
  âŒ Fix attempt 2 failed
  ğŸ”§ Fix attempt 3/3
  âŒ Fix attempt 3 failed
  âš ï¸ Failed to fix after 3 attempts. Moving to next iteration.
ğŸš€ Generated Initial Analysis Plan for Analysis 7
ğŸš€ Beginning step 7...
âš ï¸ Code errored with: TypeError: 'numpy.float32' object is not iterable
  ğŸ”§ Fix attempt 1/3
  âœ… Fix successful on attempt 1
ğŸš€ Generated Initial Analysis Plan for Analysis 7
ğŸš€ Beginning step 8...
âš ï¸ Code errored with: AttributeError: module 'scipy.stats' has no attribute 'multitest'
  ğŸ”§ Fix attempt 1/3
  âœ… Fix successful on attempt 1
ğŸ’¾ Saved notebook to: covid_ablation_080725/test_results_no_vlm_20250807_122503/outputs/test_no_vlm_20250807_122518/test_no_vlm_analysis_7.ipynb
âœ… Persistent kernel stopped
âœ… Completed Analysis 7

ğŸš€ Starting Analysis 8
âœ… Persistent kernel started
ğŸš€ Generated Initial Analysis Plan for Analysis 8
ğŸš€ Beginning step 1...
âš ï¸ Code errored with: KeyError: 'mt_frac'
  ğŸ”§ Fix attempt 1/3
  âŒ Fix attempt 1 failed
  ğŸ”§ Fix attempt 2/3
  âŒ Fix attempt 2 failed
  ğŸ”§ Fix attempt 3/3
  âŒ Fix attempt 3 failed
  âš ï¸ Failed to fix after 3 attempts. Moving to next iteration.
ğŸš€ Generated Initial Analysis Plan for Analysis 8
ğŸš€ Beginning step 2...
ğŸš€ Generated Initial Analysis Plan for Analysis 8
ğŸš€ Beginning step 3...
ğŸš€ Generated Initial Analysis Plan for Analysis 8
ğŸš€ Beginning step 4...
âš ï¸ Code errored with: AttributeError: 'numpy.ndarray' object has no attribute 'A1'
  ğŸ”§ Fix attempt 1/3
  âŒ Fix attempt 1 failed
  ğŸ”§ Fix attempt 2/3
  âœ… Fix successful on attempt 2
ğŸš€ Generated Initial Analysis Plan for Analysis 8
ğŸš€ Beginning step 5...
âš ï¸ Code errored with: ImportError: cannot import name 'get_num_classes' from 'torchmetrics.utilities.data' (/scratch/users/salber/packages/miniconda3/envs/CellVoyager/lib/python3.9/site-packages/torchmetrics/utilities/data.py)
  ğŸ”§ Fix attempt 1/3
  âŒ Fix attempt 1 failed
  ğŸ”§ Fix attempt 2/3
  âŒ Fix attempt 2 failed
  ğŸ”§ Fix attempt 3/3
  âŒ Fix attempt 3 failed
  âš ï¸ Failed to fix after 3 attempts. Moving to next iteration.
ğŸš€ Generated Initial Analysis Plan for Analysis 8
ğŸš€ Beginning step 6...
âš ï¸ Code errored with: ImportError: cannot import name 'get_num_classes' from 'torchmetrics.utilities.data' (/scratch/users/salber/packages/miniconda3/envs/CellVoyager/lib/python3.9/site-packages/torchmetrics/utilities/data.py)
  ğŸ”§ Fix attempt 1/3
  âŒ Fix attempt 1 failed
  ğŸ”§ Fix attempt 2/3
  âŒ Fix attempt 2 failed
  ğŸ”§ Fix attempt 3/3
  âŒ Fix attempt 3 failed
  âš ï¸ Failed to fix after 3 attempts. Moving to next iteration.
ğŸš€ Generated Initial Analysis Plan for Analysis 8
ğŸš€ Beginning step 7...
âš ï¸ Code errored with: ImportError: cannot import name 'get_num_classes' from 'torchmetrics.utilities.data' (/scratch/users/salber/packages/miniconda3/envs/CellVoyager/lib/python3.9/site-packages/torchmetrics/utilities/data.py)
  ğŸ”§ Fix attempt 1/3
  âŒ Fix attempt 1 failed
  ğŸ”§ Fix attempt 2/3
  âŒ Fix attempt 2 failed
  ğŸ”§ Fix attempt 3/3
  âŒ Fix attempt 3 failed
  âš ï¸ Failed to fix after 3 attempts. Moving to next iteration.
ğŸš€ Generated Initial Analysis Plan for Analysis 8
ğŸš€ Beginning step 8...
âš ï¸ Code errored with: ImportError: cannot import name 'get_num_classes' from 'torchmetrics.utilities.data' (/scratch/users/salber/packages/miniconda3/envs/CellVoyager/lib/python3.9/site-packages/torchmetrics/utilities/data.py)
  ğŸ”§ Fix attempt 1/3
  âŒ Fix attempt 1 failed
  ğŸ”§ Fix attempt 2/3
  âŒ Fix attempt 2 failed
  ğŸ”§ Fix attempt 3/3
  âŒ Fix attempt 3 failed
  âš ï¸ Failed to fix after 3 attempts. Moving to next iteration.
ğŸ’¾ Saved notebook to: covid_ablation_080725/test_results_no_vlm_20250807_122503/outputs/test_no_vlm_20250807_122518/test_no_vlm_analysis_8.ipynb
âœ… Persistent kernel stopped
âœ… Completed Analysis 8

ğŸš€ Starting Analysis 9
âœ… Persistent kernel started
ğŸš€ Generated Initial Analysis Plan for Analysis 9
ğŸš€ Beginning step 1...
ğŸš€ Generated Initial Analysis Plan for Analysis 9
ğŸš€ Beginning step 2...
âš ï¸ Code errored with: KeyError: 'novel_antigen_presentation_score'
  ğŸ”§ Fix attempt 1/3
  âŒ Fix attempt 1 failed
  ğŸ”§ Fix attempt 2/3
  âŒ Fix attempt 2 failed
  ğŸ”§ Fix attempt 3/3
  âœ… Fix successful on attempt 3
ğŸš€ Generated Initial Analysis Plan for Analysis 9
ğŸš€ Beginning step 3...
ğŸš€ Generated Initial Analysis Plan for Analysis 9
ğŸš€ Beginning step 4...
âš ï¸ Code errored with: ValueError: The "novel_antigen_presentation_score" is missing in cd8_cells.obs
  ğŸ”§ Fix attempt 1/3
  âœ… Fix successful on attempt 1
ğŸš€ Generated Initial Analysis Plan for Analysis 9
ğŸš€ Beginning step 5...
ğŸš€ Generated Initial Analysis Plan for Analysis 9
ğŸš€ Beginning step 6...
ğŸš€ Generated Initial Analysis Plan for Analysis 9
ğŸš€ Beginning step 7...
âš ï¸ Code errored with: IndexError: too many indices for array: array is 0-dimensional, but 1 were indexed
  ğŸ”§ Fix attempt 1/3
  âœ… Fix successful on attempt 1
ğŸš€ Generated Initial Analysis Plan for Analysis 9
ğŸš€ Beginning step 8...
ğŸ’¾ Saved notebook to: covid_ablation_080725/test_results_no_vlm_20250807_122503/outputs/test_no_vlm_20250807_122518/test_no_vlm_analysis_9.ipynb
âœ… Persistent kernel stopped
âœ… Completed Analysis 9

ğŸš€ Starting Analysis 10
âœ… Persistent kernel started
ğŸš€ Generated Initial Analysis Plan for Analysis 10
ğŸš€ Beginning step 1...
âš ï¸ Code errored with: SyntaxError: f-string: unmatched '[' (950862629.py, line 11)
  ğŸ”§ Fix attempt 1/3
  âœ… Fix successful on attempt 1
ğŸš€ Generated Initial Analysis Plan for Analysis 10
ğŸš€ Beginning step 2...
âš ï¸ Code errored with: KeyError: 'TNF'
  ğŸ”§ Fix attempt 1/3
  âœ… Fix successful on attempt 1
ğŸš€ Generated Initial Analysis Plan for Analysis 10
ğŸš€ Beginning step 3...
âš ï¸ Code errored with: ValueError: Received `use_raw=True`, but `adata.raw` is empty.
  ğŸ”§ Fix attempt 1/3
  âœ… Fix successful on attempt 1
ğŸš€ Generated Initial Analysis Plan for Analysis 10
ğŸš€ Beginning step 4...
ğŸš€ Generated Initial Analysis Plan for Analysis 10
ğŸš€ Beginning step 5...
ğŸš€ Generated Initial Analysis Plan for Analysis 10
ğŸš€ Beginning step 6...
ğŸš€ Generated Initial Analysis Plan for Analysis 10
ğŸš€ Beginning step 7...
âš ï¸ Code errored with: ValueError: Received `use_raw=True`, but `adata.raw` is empty.
  ğŸ”§ Fix attempt 1/3
  âŒ Fix attempt 1 failed
  ğŸ”§ Fix attempt 2/3
  âŒ Fix attempt 2 failed
  ğŸ”§ Fix attempt 3/3
  âŒ Fix attempt 3 failed
  âš ï¸ Failed to fix after 3 attempts. Moving to next iteration.
ğŸš€ Generated Initial Analysis Plan for Analysis 10
ğŸš€ Beginning step 8...
âš ï¸ Code errored with: AssertionError: Missing ISG genes: ['IFN1', 'PKR']
  ğŸ”§ Fix attempt 1/3
  âœ… Fix successful on attempt 1
ğŸ’¾ Saved notebook to: covid_ablation_080725/test_results_no_vlm_20250807_122503/outputs/test_no_vlm_20250807_122518/test_no_vlm_analysis_10.ipynb
âœ… Persistent kernel stopped
âœ… Completed Analysis 10

ğŸš€ Starting Analysis 11
âœ… Persistent kernel started
ğŸš€ Generated Initial Analysis Plan for Analysis 11
ğŸš€ Beginning step 1...
ğŸš€ Generated Initial Analysis Plan for Analysis 11
ğŸš€ Beginning step 2...
ğŸš€ Generated Initial Analysis Plan for Analysis 11
ğŸš€ Beginning step 3...
ğŸš€ Generated Initial Analysis Plan for Analysis 11
ğŸš€ Beginning step 4...
ğŸš€ Generated Initial Analysis Plan for Analysis 11
ğŸš€ Beginning step 5...
ğŸš€ Generated Initial Analysis Plan for Analysis 11
ğŸš€ Beginning step 6...
ğŸš€ Generated Initial Analysis Plan for Analysis 11
ğŸš€ Beginning step 7...
âš ï¸ Code errored with: ImportError: cannot import name 'get_num_classes' from 'torchmetrics.utilities.data' (/scratch/users/salber/packages/miniconda3/envs/CellVoyager/lib/python3.9/site-packages/torchmetrics/utilities/data.py)
  ğŸ”§ Fix attempt 1/3
  âŒ Fix attempt 1 failed
  ğŸ”§ Fix attempt 2/3
  âŒ Fix attempt 2 failed
  ğŸ”§ Fix attempt 3/3
  âŒ Fix attempt 3 failed
  âš ï¸ Failed to fix after 3 attempts. Moving to next iteration.
ğŸš€ Generated Initial Analysis Plan for Analysis 11
ğŸš€ Beginning step 8...
âš ï¸ Code errored with: KeyError: 'dpt_pseudotime'
  ğŸ”§ Fix attempt 1/3
  âŒ Fix attempt 1 failed
  ğŸ”§ Fix attempt 2/3
  âŒ Fix attempt 2 failed
  ğŸ”§ Fix attempt 3/3
  âŒ Fix attempt 3 failed
  âš ï¸ Failed to fix after 3 attempts. Moving to next iteration.
ğŸ’¾ Saved notebook to: covid_ablation_080725/test_results_no_vlm_20250807_122503/outputs/test_no_vlm_20250807_122518/test_no_vlm_analysis_11.ipynb
âœ… Persistent kernel stopped
âœ… Completed Analysis 11

ğŸš€ Starting Analysis 12
âœ… Persistent kernel started
ğŸš€ Generated Initial Analysis Plan for Analysis 12
ğŸš€ Beginning step 1...
ğŸš€ Generated Initial Analysis Plan for Analysis 12
ğŸš€ Beginning step 2...
âš ï¸ Code errored with: SyntaxError: f-string: unmatched '[' (1508435859.py, line 20)
  ğŸ”§ Fix attempt 1/3
  âœ… Fix successful on attempt 1
ğŸš€ Generated Initial Analysis Plan for Analysis 12
ğŸš€ Beginning step 3...
âš ï¸ Code errored with: ImportError: cannot import name 'get_num_classes' from 'torchmetrics.utilities.data' (/scratch/users/salber/packages/miniconda3/envs/CellVoyager/lib/python3.9/site-packages/torchmetrics/utilities/data.py)
  ğŸ”§ Fix attempt 1/3
  âŒ Fix attempt 1 failed
  ğŸ”§ Fix attempt 2/3
  âŒ Fix attempt 2 failed
  ğŸ”§ Fix attempt 3/3
  âŒ Fix attempt 3 failed
  âš ï¸ Failed to fix after 3 attempts. Moving to next iteration.
ğŸš€ Generated Initial Analysis Plan for Analysis 12
ğŸš€ Beginning step 4...
ğŸš€ Generated Initial Analysis Plan for Analysis 12
ğŸš€ Beginning step 5...
âš ï¸ Code errored with: ImportError: cannot import name 'get_num_classes' from 'torchmetrics.utilities.data' (/scratch/users/salber/packages/miniconda3/envs/CellVoyager/lib/python3.9/site-packages/torchmetrics/utilities/data.py)
  ğŸ”§ Fix attempt 1/3
  âŒ Fix attempt 1 failed
  ğŸ”§ Fix attempt 2/3
  âŒ Fix attempt 2 failed
  ğŸ”§ Fix attempt 3/3
  âŒ Fix attempt 3 failed
  âš ï¸ Failed to fix after 3 attempts. Moving to next iteration.
ğŸš€ Generated Initial Analysis Plan for Analysis 12
ğŸš€ Beginning step 6...
âš ï¸ Code errored with: TypeError: highly_variable_genes() got an unexpected keyword argument 'gene_symbols'
  ğŸ”§ Fix attempt 1/3
  âœ… Fix successful on attempt 1
ğŸš€ Generated Initial Analysis Plan for Analysis 12
ğŸš€ Beginning step 7...
âš ï¸ Code errored with: ValueError: Did not find X_scVI in `.obsm.keys()`. You need to compute it first.
  ğŸ”§ Fix attempt 1/3
  âŒ Fix attempt 1 failed
  ğŸ”§ Fix attempt 2/3
  âŒ Fix attempt 2 failed
  ğŸ”§ Fix attempt 3/3
  âŒ Fix attempt 3 failed
  âš ï¸ Failed to fix after 3 attempts. Moving to next iteration.
ğŸš€ Generated Initial Analysis Plan for Analysis 12
ğŸš€ Beginning step 8...
âš ï¸ Code errored with: ImportError: cannot import name 'get_num_classes' from 'torchmetrics.utilities.data' (/scratch/users/salber/packages/miniconda3/envs/CellVoyager/lib/python3.9/site-packages/torchmetrics/utilities/data.py)
  ğŸ”§ Fix attempt 1/3
  âŒ Fix attempt 1 failed
  ğŸ”§ Fix attempt 2/3
  âŒ Fix attempt 2 failed
  ğŸ”§ Fix attempt 3/3
  âŒ Fix attempt 3 failed
  âš ï¸ Failed to fix after 3 attempts. Moving to next iteration.
ğŸ’¾ Saved notebook to: covid_ablation_080725/test_results_no_vlm_20250807_122503/outputs/test_no_vlm_20250807_122518/test_no_vlm_analysis_12.ipynb
âœ… Persistent kernel stopped
âœ… Completed Analysis 12

ğŸš€ Starting Analysis 13
âœ… Persistent kernel started
ğŸš€ Generated Initial Analysis Plan for Analysis 13
ğŸš€ Beginning step 1...
ğŸš€ Generated Initial Analysis Plan for Analysis 13
ğŸš€ Beginning step 2...
ğŸš€ Generated Initial Analysis Plan for Analysis 13
ğŸš€ Beginning step 3...
ğŸš€ Generated Initial Analysis Plan for Analysis 13
ğŸš€ Beginning step 4...
ğŸš€ Generated Initial Analysis Plan for Analysis 13
ğŸš€ Beginning step 5...
ğŸš€ Generated Initial Analysis Plan for Analysis 13
ğŸš€ Beginning step 6...
ğŸš€ Generated Initial Analysis Plan for Analysis 13
ğŸš€ Beginning step 7...
âš ï¸ Code errored with: ValueError: No valid genes were passed for scoring.
  ğŸ”§ Fix attempt 1/3
  âœ… Fix successful on attempt 1
ğŸš€ Generated Initial Analysis Plan for Analysis 13
ğŸš€ Beginning step 8...
ğŸ’¾ Saved notebook to: covid_ablation_080725/test_results_no_vlm_20250807_122503/outputs/test_no_vlm_20250807_122518/test_no_vlm_analysis_13.ipynb
âœ… Persistent kernel stopped
âœ… Completed Analysis 13

ğŸš€ Starting Analysis 14
âœ… Persistent kernel started
ğŸš€ Generated Initial Analysis Plan for Analysis 14
ğŸš€ Beginning step 1...
ğŸš€ Generated Initial Analysis Plan for Analysis 14
ğŸš€ Beginning step 2...
ğŸš€ Generated Initial Analysis Plan for Analysis 14
ğŸš€ Beginning step 3...
âš ï¸ Code errored with: SyntaxError: EOL while scanning string literal (673506298.py, line 22)
  ğŸ”§ Fix attempt 1/3
  âœ… Fix successful on attempt 1
ğŸš€ Generated Initial Analysis Plan for Analysis 14
ğŸš€ Beginning step 4...
âš ï¸ Code errored with: SyntaxError: EOL while scanning string literal (3204018507.py, line 24)
  ğŸ”§ Fix attempt 1/3
  âŒ Fix attempt 1 failed
  ğŸ”§ Fix attempt 2/3
  âœ… Fix successful on attempt 2
ğŸš€ Generated Initial Analysis Plan for Analysis 14
ğŸš€ Beginning step 5...
âš ï¸ Code errored with: IndentationError: unexpected indent (2504484258.py, line 6)
  ğŸ”§ Fix attempt 1/3
  âœ… Fix successful on attempt 1
ğŸš€ Generated Initial Analysis Plan for Analysis 14
ğŸš€ Beginning step 6...
ğŸš€ Generated Initial Analysis Plan for Analysis 14
ğŸš€ Beginning step 7...
âš ï¸ Code errored with: ArpackNoConvergence: ARPACK error -1: No convergence (38771 iterations, 4/15 eigenvectors converged)
  ğŸ”§ Fix attempt 1/3
  âŒ Fix attempt 1 failed
  ğŸ”§ Fix attempt 2/3
  âŒ Fix attempt 2 failed
  ğŸ”§ Fix attempt 3/3
  âŒ Fix attempt 3 failed
  âš ï¸ Failed to fix after 3 attempts. Moving to next iteration.
ğŸš€ Generated Initial Analysis Plan for Analysis 14
ğŸš€ Beginning step 8...
ğŸ’¾ Saved notebook to: covid_ablation_080725/test_results_no_vlm_20250807_122503/outputs/test_no_vlm_20250807_122518/test_no_vlm_analysis_14.ipynb
âœ… Persistent kernel stopped
âœ… Completed Analysis 14

ğŸš€ Starting Analysis 15
âœ… Persistent kernel started
ğŸš€ Generated Initial Analysis Plan for Analysis 15
ğŸš€ Beginning step 1...
ğŸš€ Generated Initial Analysis Plan for Analysis 15
ğŸš€ Beginning step 2...
ğŸš€ Generated Initial Analysis Plan for Analysis 15
ğŸš€ Beginning step 3...
âš ï¸ Code errored with: KeyError: "None of [Index(['MT-ATP6', 'MT-ATP8', 'MT-CO1', 'MT-CO2', 'MT-CO3', 'MT-CYB', 'MT-ND1',\n       'MT-ND2', 'MT-ND3', 'MT-ND4', 'MT-ND4L', 'MT-ND5', 'MT-ND6', 'MT-RNR1',\n       'MT-RNR2', 'MT-TC', 'MT-TD', 'MT-TE', 'MT-TF', 'MT-TG', 'MT-TH',\n       'MT-TI', 'MT-TL1', 'MT-TL2', 'MT-TM', 'MT-TN', 'MT-TP', 'MT-TQ',\n       'MT-TR', 'MT-TS1', 'MT-TS2', 'MT-TT', 'MT-TV', 'MT-TY'],\n      dtype='object')] are in the [index]"
  ğŸ”§ Fix attempt 1/3
  âœ… Fix successful on attempt 1
ğŸš€ Generated Initial Analysis Plan for Analysis 15
ğŸš€ Beginning step 4...
ğŸš€ Generated Initial Analysis Plan for Analysis 15
ğŸš€ Beginning step 5...
ğŸš€ Generated Initial Analysis Plan for Analysis 15
ğŸš€ Beginning step 6...
âš ï¸ Code errored with: TypeError: rank_genes_groups_df() missing 1 required positional argument: 'group'
  ğŸ”§ Fix attempt 1/3
  âœ… Fix successful on attempt 1
ğŸš€ Generated Initial Analysis Plan for Analysis 15
ğŸš€ Beginning step 7...
âš ï¸ Code errored with: KeyError: 'pvals_adj'
  ğŸ”§ Fix attempt 1/3
  âœ… Fix successful on attempt 1
ğŸš€ Generated Initial Analysis Plan for Analysis 15
ğŸš€ Beginning step 8...
ğŸ’¾ Saved notebook to: covid_ablation_080725/test_results_no_vlm_20250807_122503/outputs/test_no_vlm_20250807_122518/test_no_vlm_analysis_15.ipynb
âœ… Persistent kernel stopped
âœ… Completed Analysis 15

ğŸš€ Starting Analysis 16
âœ… Persistent kernel started
ğŸš€ Generated Initial Analysis Plan for Analysis 16
ğŸš€ Beginning step 1...
ğŸš€ Generated Initial Analysis Plan for Analysis 16
ğŸš€ Beginning step 2...
ğŸš€ Generated Initial Analysis Plan for Analysis 16
ğŸš€ Beginning step 3...
âš ï¸ Code errored with: NameError: name 'selected_genes' is not defined
  ğŸ”§ Fix attempt 1/3
  âŒ Fix attempt 1 failed
  ğŸ”§ Fix attempt 2/3
  âœ… Fix successful on attempt 2
ğŸš€ Generated Initial Analysis Plan for Analysis 16
ğŸš€ Beginning step 4...
âš ï¸ Code errored with: UFuncTypeError: ufunc 'less_equal' did not contain a loop with signature matching types (<class 'numpy.dtypes.VoidDType'>, <class 'numpy.dtypes.Float64DType'>) -> None
  ğŸ”§ Fix attempt 1/3
  âŒ Fix attempt 1 failed
  ğŸ”§ Fix attempt 2/3
  âŒ Fix attempt 2 failed
  ğŸ”§ Fix attempt 3/3
  âŒ Fix attempt 3 failed
  âš ï¸ Failed to fix after 3 attempts. Moving to next iteration.
ğŸš€ Generated Initial Analysis Plan for Analysis 16
ğŸš€ Beginning step 5...
ğŸš€ Generated Initial Analysis Plan for Analysis 16
ğŸš€ Beginning step 6...
âš ï¸ Code errored with: KeyError: 'ribosomal_leiden'
  ğŸ”§ Fix attempt 1/3
  âŒ Fix attempt 1 failed
  ğŸ”§ Fix attempt 2/3
  âœ… Fix successful on attempt 2
ğŸš€ Generated Initial Analysis Plan for Analysis 16
ğŸš€ Beginning step 7...
ğŸš€ Generated Initial Analysis Plan for Analysis 16
ğŸš€ Beginning step 8...
ğŸ’¾ Saved notebook to: covid_ablation_080725/test_results_no_vlm_20250807_122503/outputs/test_no_vlm_20250807_122518/test_no_vlm_analysis_16.ipynb
âœ… Persistent kernel stopped
âœ… Completed Analysis 16

ğŸš€ Starting Analysis 17
âœ… Persistent kernel started
ğŸš€ Generated Initial Analysis Plan for Analysis 17
ğŸš€ Beginning step 1...
ğŸš€ Generated Initial Analysis Plan for Analysis 17
ğŸš€ Beginning step 2...
âš ï¸ Code errored with: ImportError: cannot import name 'multipletests' from 'scipy.stats' (/scratch/users/salber/packages/miniconda3/envs/CellVoyager/lib/python3.9/site-packages/scipy/stats/__init__.py)
  ğŸ”§ Fix attempt 1/3
  âŒ Fix attempt 1 failed
  ğŸ”§ Fix attempt 2/3
  âœ… Fix successful on attempt 2
ğŸš€ Generated Initial Analysis Plan for Analysis 17
ğŸš€ Beginning step 3...
ğŸš€ Generated Initial Analysis Plan for Analysis 17
ğŸš€ Beginning step 4...
âš ï¸ Code errored with: IndexError: too many indices for array: array is 1-dimensional, but 2 were indexed
  ğŸ”§ Fix attempt 1/3
  âŒ Fix attempt 1 failed
  ğŸ”§ Fix attempt 2/3
  âœ… Fix successful on attempt 2
ğŸš€ Generated Initial Analysis Plan for Analysis 17
ğŸš€ Beginning step 5...
âš ï¸ Code errored with: KeyError: "None of [Index(['RPL10', 'RPL10A', 'RPL10L', 'RPL11', 'RPL12', 'RPL13', 'RPL13A',\n       'RPL14', 'RPL15', 'RPL17',\n       ...\n       'RPS6KA6', 'RPS6KB1', 'RPS6KB2', 'RPS6KC1', 'RPS6KL1', 'RPS7', 'RPS8',\n       'RPS9', 'RPSA', 'RPSAP58'],\n      dtype='object', length=102)] are in the [index]"
  ğŸ”§ Fix attempt 1/3
  âœ… Fix successful on attempt 1
ğŸš€ Generated Initial Analysis Plan for Analysis 17
ğŸš€ Beginning step 6...
âš ï¸ Code errored with: ValueError: all the input array dimensions except for the concatenation axis must match exactly, but along dimension 0, the array at index 0 has size 542 and the array at index 1 has size 6190
  ğŸ”§ Fix attempt 1/3
  âŒ Fix attempt 1 failed
  ğŸ”§ Fix attempt 2/3
  âŒ Fix attempt 2 failed
  ğŸ”§ Fix attempt 3/3
  âœ… Fix successful on attempt 3
ğŸš€ Generated Initial Analysis Plan for Analysis 17
ğŸš€ Beginning step 7...
ğŸš€ Generated Initial Analysis Plan for Analysis 17
ğŸš€ Beginning step 8...
ğŸ’¾ Saved notebook to: covid_ablation_080725/test_results_no_vlm_20250807_122503/outputs/test_no_vlm_20250807_122518/test_no_vlm_analysis_17.ipynb
âœ… Persistent kernel stopped
âœ… Completed Analysis 17

ğŸš€ Starting Analysis 18
âœ… Persistent kernel started
ğŸš€ Generated Initial Analysis Plan for Analysis 18
ğŸš€ Beginning step 1...
ğŸš€ Generated Initial Analysis Plan for Analysis 18
ğŸš€ Beginning step 2...
âš ï¸ Code errored with: ImportError: cannot import name 'get_num_classes' from 'torchmetrics.utilities.data' (/scratch/users/salber/packages/miniconda3/envs/CellVoyager/lib/python3.9/site-packages/torchmetrics/utilities/data.py)
  ğŸ”§ Fix attempt 1/3
  âŒ Fix attempt 1 failed
  ğŸ”§ Fix attempt 2/3
  âŒ Fix attempt 2 failed
  ğŸ”§ Fix attempt 3/3
  âŒ Fix attempt 3 failed
  âš ï¸ Failed to fix after 3 attempts. Moving to next iteration.
ğŸš€ Generated Initial Analysis Plan for Analysis 18
ğŸš€ Beginning step 3...
âš ï¸ Code errored with: NameError: name 'SCVI' is not defined
  ğŸ”§ Fix attempt 1/3
  âŒ Fix attempt 1 failed
  ğŸ”§ Fix attempt 2/3
  âŒ Fix attempt 2 failed
  ğŸ”§ Fix attempt 3/3
  âŒ Fix attempt 3 failed
  âš ï¸ Failed to fix after 3 attempts. Moving to next iteration.
ğŸš€ Generated Initial Analysis Plan for Analysis 18
ğŸš€ Beginning step 4...
âš ï¸ Code errored with: ImportError: cannot import name 'get_num_classes' from 'torchmetrics.utilities.data' (/scratch/users/salber/packages/miniconda3/envs/CellVoyager/lib/python3.9/site-packages/torchmetrics/utilities/data.py)
  ğŸ”§ Fix attempt 1/3
  âŒ Fix attempt 1 failed
  ğŸ”§ Fix attempt 2/3
  âŒ Fix attempt 2 failed
  ğŸ”§ Fix attempt 3/3
  âŒ Fix attempt 3 failed
  âš ï¸ Failed to fix after 3 attempts. Moving to next iteration.
ğŸš€ Generated Initial Analysis Plan for Analysis 18
ğŸš€ Beginning step 5...
âš ï¸ Code errored with: ImportError: cannot import name 'get_num_classes' from 'torchmetrics.utilities.data' (/scratch/users/salber/packages/miniconda3/envs/CellVoyager/lib/python3.9/site-packages/torchmetrics/utilities/data.py)
  ğŸ”§ Fix attempt 1/3
  âŒ Fix attempt 1 failed
  ğŸ”§ Fix attempt 2/3
  âŒ Fix attempt 2 failed
  ğŸ”§ Fix attempt 3/3
  âŒ Fix attempt 3 failed
  âš ï¸ Failed to fix after 3 attempts. Moving to next iteration.
ğŸš€ Generated Initial Analysis Plan for Analysis 18
ğŸš€ Beginning step 6...
âš ï¸ Code errored with: ImportError: cannot import name 'get_num_classes' from 'torchmetrics.utilities.data' (/scratch/users/salber/packages/miniconda3/envs/CellVoyager/lib/python3.9/site-packages/torchmetrics/utilities/data.py)
  ğŸ”§ Fix attempt 1/3
  âŒ Fix attempt 1 failed
  ğŸ”§ Fix attempt 2/3
  âŒ Fix attempt 2 failed
  ğŸ”§ Fix attempt 3/3
  âŒ Fix attempt 3 failed
  âš ï¸ Failed to fix after 3 attempts. Moving to next iteration.
ğŸš€ Generated Initial Analysis Plan for Analysis 18
ğŸš€ Beginning step 7...
âš ï¸ Code errored with: NameError: name 'pdc_data' is not defined
  ğŸ”§ Fix attempt 1/3
  âœ… Fix successful on attempt 1
ğŸš€ Generated Initial Analysis Plan for Analysis 18
ğŸš€ Beginning step 8...
âš ï¸ Code errored with: ImportError: cannot import name 'get_num_classes' from 'torchmetrics.utilities.data' (/scratch/users/salber/packages/miniconda3/envs/CellVoyager/lib/python3.9/site-packages/torchmetrics/utilities/data.py)
  ğŸ”§ Fix attempt 1/3
  âŒ Fix attempt 1 failed
  ğŸ”§ Fix attempt 2/3
  âŒ Fix attempt 2 failed
  ğŸ”§ Fix attempt 3/3
  âŒ Fix attempt 3 failed
  âš ï¸ Failed to fix after 3 attempts. Moving to next iteration.
ğŸ’¾ Saved notebook to: covid_ablation_080725/test_results_no_vlm_20250807_122503/outputs/test_no_vlm_20250807_122518/test_no_vlm_analysis_18.ipynb
âœ… Persistent kernel stopped
âœ… Completed Analysis 18

ğŸš€ Starting Analysis 19
âœ… Persistent kernel started
ğŸš€ Generated Initial Analysis Plan for Analysis 19
ğŸš€ Beginning step 1...
âš ï¸ Code errored with: ValueError: All arrays must be of the same length
  ğŸ”§ Fix attempt 1/3
  âœ… Fix successful on attempt 1
ğŸš€ Generated Initial Analysis Plan for Analysis 19
ğŸš€ Beginning step 2...
ğŸš€ Generated Initial Analysis Plan for Analysis 19
ğŸš€ Beginning step 3...
ğŸš€ Generated Initial Analysis Plan for Analysis 19
ğŸš€ Beginning step 4...
âš ï¸ Code errored with: KeyError: 'pvals_adj'
  ğŸ”§ Fix attempt 1/3
  âŒ Fix attempt 1 failed
  ğŸ”§ Fix attempt 2/3
  âŒ Fix attempt 2 failed
  ğŸ”§ Fix attempt 3/3
  âŒ Fix attempt 3 failed
  âš ï¸ Failed to fix after 3 attempts. Moving to next iteration.
ğŸš€ Generated Initial Analysis Plan for Analysis 19
ğŸš€ Beginning step 5...
âš ï¸ Code errored with: KeyError: 'pvals_adj'
  ğŸ”§ Fix attempt 1/3
  âŒ Fix attempt 1 failed
  ğŸ”§ Fix attempt 2/3
  âŒ Fix attempt 2 failed
  ğŸ”§ Fix attempt 3/3
  âŒ Fix attempt 3 failed
  âš ï¸ Failed to fix after 3 attempts. Moving to next iteration.
ğŸš€ Generated Initial Analysis Plan for Analysis 19
ğŸš€ Beginning step 6...
âš ï¸ Code errored with: KeyError: 'pvals_adj'
  ğŸ”§ Fix attempt 1/3
  âŒ Fix attempt 1 failed
  ğŸ”§ Fix attempt 2/3
  âŒ Fix attempt 2 failed
  ğŸ”§ Fix attempt 3/3
  âŒ Fix attempt 3 failed
  âš ï¸ Failed to fix after 3 attempts. Moving to next iteration.
ğŸš€ Generated Initial Analysis Plan for Analysis 19
ğŸš€ Beginning step 7...
ğŸš€ Generated Initial Analysis Plan for Analysis 19
ğŸš€ Beginning step 8...
âš ï¸ Code errored with: AttributeError: 'ArrayView' object has no attribute 'todense'
  ğŸ”§ Fix attempt 1/3
  âœ… Fix successful on attempt 1
ğŸ’¾ Saved notebook to: covid_ablation_080725/test_results_no_vlm_20250807_122503/outputs/test_no_vlm_20250807_122518/test_no_vlm_analysis_19.ipynb
âœ… Persistent kernel stopped
âœ… Completed Analysis 19

ğŸš€ Starting Analysis 20
âœ… Persistent kernel started
ğŸš€ Generated Initial Analysis Plan for Analysis 20
ğŸš€ Beginning step 1...
ğŸš€ Generated Initial Analysis Plan for Analysis 20
ğŸš€ Beginning step 2...
ğŸš€ Generated Initial Analysis Plan for Analysis 20
ğŸš€ Beginning step 3...
ğŸš€ Generated Initial Analysis Plan for Analysis 20
ğŸš€ Beginning step 4...
âš ï¸ Code errored with: TypeError: filter_rank_genes_groups() got an unexpected keyword argument 'rank_threshold'
  ğŸ”§ Fix attempt 1/3
  âœ… Fix successful on attempt 1
ğŸš€ Generated Initial Analysis Plan for Analysis 20
ğŸš€ Beginning step 5...
ğŸš€ Generated Initial Analysis Plan for Analysis 20
ğŸš€ Beginning step 6...
âš ï¸ Code errored with: AttributeError: Can only use .cat accessor with a 'category' dtype
  ğŸ”§ Fix attempt 1/3
  âŒ Fix attempt 1 failed
  ğŸ”§ Fix attempt 2/3
  âŒ Fix attempt 2 failed
  ğŸ”§ Fix attempt 3/3
  âœ… Fix successful on attempt 3
ğŸš€ Generated Initial Analysis Plan for Analysis 20
ğŸš€ Beginning step 7...
âš ï¸ Code errored with: OSError: Cannot save file into a non-existent directory: '../results'
  ğŸ”§ Fix attempt 1/3
  âœ… Fix successful on attempt 1
ğŸš€ Generated Initial Analysis Plan for Analysis 20
ğŸš€ Beginning step 8...
âš ï¸ Code errored with: KeyError: 'ICU'
  ğŸ”§ Fix attempt 1/3
  âŒ Fix attempt 1 failed
  ğŸ”§ Fix attempt 2/3
  âŒ Fix attempt 2 failed
  ğŸ”§ Fix attempt 3/3
  âŒ Fix attempt 3 failed
  âš ï¸ Failed to fix after 3 attempts. Moving to next iteration.
ğŸ’¾ Saved notebook to: covid_ablation_080725/test_results_no_vlm_20250807_122503/outputs/test_no_vlm_20250807_122518/test_no_vlm_analysis_20.ipynb
âœ… Persistent kernel stopped
âœ… Completed Analysis 20

ğŸš€ Starting Analysis 21
âœ… Persistent kernel started
âŒ Error during agent execution: 'deepresearch_background'
ğŸ’¾ Results saved to: covid_ablation_080725/results_no_vlm.json
ğŸ“Š NO_VLM Results:
   Final Success Rate: 0.00%
   Total Failure Rate: 0.00%
   Final Successful Cells: 0
   Total Failures: 0
   Total Attempts: 0
âœ… Ablation test no_vlm completed!
