ğŸš€ Running ablation test: no_documentation
   Self-critique: âœ…
   VLM: âœ…
   Documentation: âŒ
   Analyses: 15
   Max iterations: 8

ğŸ§ª Testing no_documentation...
   Self-critique: âœ…
   VLM: âœ…
   Documentation: âŒ
0
Loading anndata .obs for summarization...
Loaded obs data: 73180 rows Ã— 5 columns
ADATA SUMMARY:  Below is a description of the columns in adata.obs: 
Column cell_name contains the unique values ['14_AAACCCAAGTAATACG' '14_AAACCCAGTCCTTAAG' '14_AAACGAAAGGCGATAC'
 '14_AAACGCTAGACTGTTC' '14_AAACGCTAGAGTGTTA' '14_AAACGCTAGTCTAGCT'
 '14_AAACGCTGTTGTGGCC' '14_AAACGCTTCTTGCAGA' '14_AAAGAACAGCTCCGAC'
 '14_AAAGAACAGGTACTGG' '14_AAAGAACAGTTGGGAC' '14_AAAGAACCATCGAGCC'
 '14_AAAGGATAGGTTGCCC' '14_AAAGGATCAGCTTTGA' '14_AAAGGATGTTTAAGGA'
 '14_AAAGGATTCCATTGTT' '14_AAAGGATTCGCGTTTC' '14_AAAGGGCCACTTGTCC'
 '14_AAAGGGCGTGTAGTGG' '14_AAAGGGCGTTTCTATC' '14_AAAGGTATCAGACAAA'
 '14_AAAGGTATCCAAACCA' '14_AAAGTCCGTTAGAGTA' '14_AAAGTCCTCATGGATC'
 '14_AAAGTCCTCATTTCCA']and 73155 other unique values... 
Column cell_type contains the unique values ['Stromal fibroblasts' 'Unciliated epithelia 1' 'Unciliated epithelia 2'
 'Endothelia' 'Lymphocytes' 'Ciliated' 'Smooth muscle cells' 'Macrophages'
 'Unciliated epithelia'] 
Column dataset contains the unique values ['10x' 'C1'] 
Column day contains the unique values [17 22 20 23 19 26 16 10  4 21 11  7 25 15 24  9 27] 
Column donor contains the unique values [14 19 20 29 39 41 57 58 60 63 13  7 12  6  4 26 15  8 30 38 40 11  5 33
 59]and 2 other unique values... 

âœ… Loaded /scratch/users/salber/endo_data.h5ad
Running DeepResearch...
âœ… DeepResearch completed
DEEPRESEARCH BACKGROUND:  **Endometrial physiology and pathology:** The endometrium is tightly regulated by ovarian steroid ho
ğŸ§  Generating new analysis idea...

ğŸš€ Executing Analysis 1
âœ… Persistent kernel started
â° Timeout reached during message wait (9.6 minutes)
ğŸš€ Beginning step 1...
DEBUG: interpret_results called with hypothesis=<class 'str'>, analysis_plan=<class 'list'>, code=<class 'str'>
ğŸš€ Generated Initial Analysis Plan for Analysis 1
â° Timeout reached during message wait (9.7 minutes)
ğŸš€ Beginning step 2...
DEBUG: interpret_results called with hypothesis=<class 'str'>, analysis_plan=<class 'list'>, code=<class 'str'>
ğŸš€ Generated Initial Analysis Plan for Analysis 1
â° Timeout reached during message wait (9.6 minutes)
ğŸš€ Beginning step 3...
DEBUG: interpret_results called with hypothesis=<class 'str'>, analysis_plan=<class 'list'>, code=<class 'str'>
ğŸš€ Generated Initial Analysis Plan for Analysis 1
â° Timeout reached during message wait (9.6 minutes)
ğŸš€ Beginning step 4...
DEBUG: interpret_results called with hypothesis=<class 'str'>, analysis_plan=<class 'list'>, code=<class 'str'>
ğŸš€ Generated Initial Analysis Plan for Analysis 1
â° Timeout reached during message wait (9.7 minutes)
ğŸš€ Beginning step 5...
DEBUG: interpret_results called with hypothesis=<class 'str'>, analysis_plan=<class 'list'>, code=<class 'str'>
ğŸš€ Generated Initial Analysis Plan for Analysis 1
â° Timeout reached during message wait (10.0 minutes)
ğŸš€ Beginning step 6...
DEBUG: interpret_results called with hypothesis=<class 'str'>, analysis_plan=<class 'list'>, code=<class 'str'>
ğŸš€ Generated Initial Analysis Plan for Analysis 1
â° Timeout reached during message wait (10.0 minutes)
ğŸš€ Beginning step 7...
DEBUG: interpret_results called with hypothesis=<class 'str'>, analysis_plan=<class 'list'>, code=<class 'str'>
ğŸš€ Generated Initial Analysis Plan for Analysis 1
â° Timeout reached during message wait (9.7 minutes)
ğŸš€ Beginning step 8...
DEBUG: interpret_results called with hypothesis=<class 'str'>, analysis_plan=<class 'list'>, code=<class 'str'>
ğŸ’¾ Saved notebook to: endo_ablation_082425/test_results_no_documentation_20250824_161516/outputs/test_no_documentation_20250824_161536/test_no_documentation_analysis_1.ipynb
âœ… Persistent kernel stopped
âœ… Completed Analysis 1
ğŸ§  Generating new analysis idea...

ğŸš€ Executing Analysis 2
âœ… Persistent kernel started
ğŸš€ Beginning step 1...
âš ï¸ Code errored with: KeyError: "Values [np.str_('VEGF')], from [np.str_('LIF'), np.str_('VEGF'), np.str_('WNT5A'), np.str_('CXCL14')], are not valid obs/ var names or indices."
  ğŸ”§ Fix attempt 1/3
  âŒ Fix attempt 1 failed
  ğŸ”§ Fix attempt 2/3
â° Message timeout after 5.9s, continuing...
â° Message timeout after 35.9s, continuing...
  âœ… Fix successful on attempt 2
DEBUG: interpret_results called with hypothesis=<class 'str'>, analysis_plan=<class 'list'>, code=<class 'str'>
ğŸš€ Generated Initial Analysis Plan for Analysis 2
ğŸš€ Beginning step 2...
âš ï¸ Code errored with: TypeError: ufunc 'isnan' not supported for the input types, and the inputs could not be safely coerced to any supported types according to the casting rule ''safe''
  ğŸ”§ Fix attempt 1/3
â° Message timeout after 0.0s, continuing...
  âœ… Fix successful on attempt 1
DEBUG: interpret_results called with hypothesis=<class 'str'>, analysis_plan=<class 'list'>, code=<class 'str'>
ğŸš€ Generated Initial Analysis Plan for Analysis 2
ğŸš€ Beginning step 3...
âš ï¸ Code errored with: AttributeError: 'numpy.ndarray' object has no attribute 'items'
  ğŸ”§ Fix attempt 1/3
  âŒ Fix attempt 1 failed
  ğŸ”§ Fix attempt 2/3
  âœ… Fix successful on attempt 2
DEBUG: interpret_results called with hypothesis=<class 'str'>, analysis_plan=<class 'list'>, code=<class 'str'>
ğŸš€ Generated Initial Analysis Plan for Analysis 2
ğŸš€ Beginning step 4...
DEBUG: interpret_results called with hypothesis=<class 'str'>, analysis_plan=<class 'list'>, code=<class 'str'>
ğŸš€ Generated Initial Analysis Plan for Analysis 2
ğŸš€ Beginning step 5...
DEBUG: interpret_results called with hypothesis=<class 'str'>, analysis_plan=<class 'list'>, code=<class 'str'>
ğŸš€ Generated Initial Analysis Plan for Analysis 2
ğŸš€ Beginning step 6...
âš ï¸ Code errored with: AttributeError: module 'scanpy.preprocessing' has no attribute 'harmony_integrate'
  ğŸ”§ Fix attempt 1/3
  âŒ Fix attempt 1 failed
  ğŸ”§ Fix attempt 2/3
  âŒ Fix attempt 2 failed
  ğŸ”§ Fix attempt 3/3
  âŒ Fix attempt 3 failed
  âš ï¸ Failed to fix after 3 attempts. Moving to next iteration.
ğŸš€ Generated Initial Analysis Plan for Analysis 2
â° Message timeout after 15.9s, continuing...
â° Message timeout after 45.9s, continuing...
â° Message timeout after 75.9s, continuing...
â° Message timeout after 106.0s, continuing...
â° Message timeout after 136.0s, continuing...
â° Message timeout after 166.0s, continuing...
â° Message timeout after 196.1s, continuing...
â° Message timeout after 226.1s, continuing...
â° Message timeout after 256.1s, continuing...
â° Message timeout after 308.3s, continuing...
â° Message timeout after 338.4s, continuing...
â° Message timeout after 368.4s, continuing...
â° Message timeout after 398.4s, continuing...
â° Message timeout after 428.5s, continuing...
â° Message timeout after 458.5s, continuing...
â° Message timeout after 488.5s, continuing...
â° Message timeout after 518.5s, continuing...
â° Message timeout after 548.6s, continuing...
â° Timeout reached during message wait (9.6 minutes)
ğŸš€ Beginning step 7...
DEBUG: interpret_results called with hypothesis=<class 'str'>, analysis_plan=<class 'list'>, code=<class 'str'>
ğŸš€ Generated Initial Analysis Plan for Analysis 2
â° Message timeout after 0.0s, continuing...
â° Message timeout after 30.0s, continuing...
â° Message timeout after 60.1s, continuing...
â° Message timeout after 90.1s, continuing...
â° Message timeout after 120.1s, continuing...
â° Message timeout after 150.2s, continuing...
â° Message timeout after 180.2s, continuing...
â° Message timeout after 210.2s, continuing...
â° Message timeout after 244.3s, continuing...
â° Message timeout after 274.3s, continuing...
â° Message timeout after 304.4s, continuing...
â° Message timeout after 334.4s, continuing...
â° Message timeout after 364.4s, continuing...
â° Message timeout after 394.4s, continuing...
â° Message timeout after 424.5s, continuing...
â° Message timeout after 454.5s, continuing...
â° Message timeout after 484.5s, continuing...
â° Message timeout after 539.5s, continuing...
â° Message timeout after 569.6s, continuing...
â° Message timeout after 599.6s, continuing...
â° Message timeout after 600.0s, continuing...
â° Timeout reached during message wait (10.0 minutes)
ğŸš€ Beginning step 8...
DEBUG: interpret_results called with hypothesis=<class 'str'>, analysis_plan=<class 'list'>, code=<class 'str'>
ğŸ’¾ Saved notebook to: endo_ablation_082425/test_results_no_documentation_20250824_161516/outputs/test_no_documentation_20250824_161536/test_no_documentation_analysis_2.ipynb
âœ… Persistent kernel stopped
âœ… Completed Analysis 2
ğŸ§  Generating new analysis idea...

ğŸš€ Executing Analysis 3
âœ… Persistent kernel started
ğŸš€ Beginning step 1...
DEBUG: interpret_results called with hypothesis=<class 'str'>, analysis_plan=<class 'list'>, code=<class 'str'>
ğŸš€ Generated Initial Analysis Plan for Analysis 3
ğŸš€ Beginning step 2...
âš ï¸ Code errored with: AssertionError: Some genes are not found in dataset!
  ğŸ”§ Fix attempt 1/3
  âŒ Fix attempt 1 failed
  ğŸ”§ Fix attempt 2/3
  âœ… Fix successful on attempt 2
DEBUG: interpret_results called with hypothesis=<class 'str'>, analysis_plan=<class 'list'>, code=<class 'str'>
ğŸš€ Generated Initial Analysis Plan for Analysis 3
ğŸš€ Beginning step 3...
DEBUG: interpret_results called with hypothesis=<class 'str'>, analysis_plan=<class 'list'>, code=<class 'str'>
ğŸš€ Generated Initial Analysis Plan for Analysis 3
ğŸš€ Beginning step 4...
DEBUG: interpret_results called with hypothesis=<class 'str'>, analysis_plan=<class 'list'>, code=<class 'str'>
ğŸš€ Generated Initial Analysis Plan for Analysis 3
ğŸš€ Beginning step 5...
DEBUG: interpret_results called with hypothesis=<class 'str'>, analysis_plan=<class 'list'>, code=<class 'str'>
ğŸš€ Generated Initial Analysis Plan for Analysis 3
ğŸš€ Beginning step 6...
DEBUG: interpret_results called with hypothesis=<class 'str'>, analysis_plan=<class 'list'>, code=<class 'str'>
ğŸš€ Generated Initial Analysis Plan for Analysis 3
ğŸš€ Beginning step 7...
DEBUG: interpret_results called with hypothesis=<class 'str'>, analysis_plan=<class 'list'>, code=<class 'str'>
ğŸš€ Generated Initial Analysis Plan for Analysis 3
ğŸš€ Beginning step 8...
âš ï¸ Code errored with: ZeroDivisionError: float division by zero
  ğŸ”§ Fix attempt 1/3
  âœ… Fix successful on attempt 1
DEBUG: interpret_results called with hypothesis=<class 'str'>, analysis_plan=<class 'list'>, code=<class 'str'>
ğŸ’¾ Saved notebook to: endo_ablation_082425/test_results_no_documentation_20250824_161516/outputs/test_no_documentation_20250824_161536/test_no_documentation_analysis_3.ipynb
âœ… Persistent kernel stopped
âœ… Completed Analysis 3
ğŸ§  Generating new analysis idea...

ğŸš€ Executing Analysis 4
âœ… Persistent kernel started
ğŸš€ Beginning step 1...
âš ï¸ Code errored with: NameError: name 'estrogen_genes' is not defined
  ğŸ”§ Fix attempt 1/3
  âœ… Fix successful on attempt 1
DEBUG: interpret_results called with hypothesis=<class 'str'>, analysis_plan=<class 'list'>, code=<class 'str'>
ğŸš€ Generated Initial Analysis Plan for Analysis 4
ğŸš€ Beginning step 2...
DEBUG: interpret_results called with hypothesis=<class 'str'>, analysis_plan=<class 'list'>, code=<class 'str'>
ğŸš€ Generated Initial Analysis Plan for Analysis 4
ğŸš€ Beginning step 3...
âš ï¸ Code errored with: ValueError: Please set up your AnnData with SCVI.setup_anndata first
  ğŸ”§ Fix attempt 1/3
â° Message timeout after 21.4s, continuing...
â° Message timeout after 51.4s, continuing...
â° Message timeout after 81.5s, continuing...
â° Message timeout after 111.5s, continuing...
â° Message timeout after 141.5s, continuing...
â° Message timeout after 171.6s, continuing...
â° Message timeout after 201.6s, continuing...
â° Message timeout after 231.6s, continuing...
â° Message timeout after 261.7s, continuing...
â° Message timeout after 308.8s, continuing...
â° Message timeout after 338.8s, continuing...
â° Message timeout after 368.8s, continuing...
â° Message timeout after 398.9s, continuing...
â° Message timeout after 428.9s, continuing...
â° Message timeout after 458.9s, continuing...
â° Message timeout after 489.0s, continuing...
â° Message timeout after 519.0s, continuing...
â° Message timeout after 549.0s, continuing...
â° Timeout reached during message wait (9.9 minutes)
  âœ… Fix successful on attempt 1
DEBUG: interpret_results called with hypothesis=<class 'str'>, analysis_plan=<class 'list'>, code=<class 'str'>
ğŸš€ Generated Initial Analysis Plan for Analysis 4
â° Message timeout after 0.0s, continuing...
â° Message timeout after 30.0s, continuing...
â° Message timeout after 60.1s, continuing...
â° Message timeout after 90.1s, continuing...
â° Message timeout after 120.1s, continuing...
â° Message timeout after 150.1s, continuing...
â° Message timeout after 180.2s, continuing...
â° Message timeout after 232.9s, continuing...
â° Message timeout after 262.9s, continuing...
â° Message timeout after 293.0s, continuing...
â° Message timeout after 323.0s, continuing...
â° Message timeout after 353.0s, continuing...
â° Message timeout after 383.1s, continuing...
â° Message timeout after 413.1s, continuing...
â° Message timeout after 443.1s, continuing...
â° Message timeout after 473.2s, continuing...
â° Message timeout after 521.6s, continuing...
â° Message timeout after 551.7s, continuing...
â° Timeout reached during message wait (9.7 minutes)
ğŸš€ Beginning step 4...
DEBUG: interpret_results called with hypothesis=<class 'str'>, analysis_plan=<class 'list'>, code=<class 'str'>
ğŸš€ Generated Initial Analysis Plan for Analysis 4
â° Message timeout after 0.0s, continuing...
â° Message timeout after 30.0s, continuing...
â° Message timeout after 60.1s, continuing...
â° Message timeout after 90.1s, continuing...
â° Message timeout after 120.1s, continuing...
â° Message timeout after 155.6s, continuing...
â° Message timeout after 185.6s, continuing...
â° Message timeout after 215.7s, continuing...
â° Message timeout after 245.7s, continuing...
â° Message timeout after 275.7s, continuing...
â° Message timeout after 305.8s, continuing...
â° Message timeout after 335.8s, continuing...
â° Message timeout after 365.8s, continuing...
â° Message timeout after 395.8s, continuing...
â° Message timeout after 448.4s, continuing...
â° Message timeout after 478.4s, continuing...
â° Message timeout after 508.4s, continuing...
â° Message timeout after 538.5s, continuing...
â° Message timeout after 568.5s, continuing...
â° Message timeout after 598.5s, continuing...
â° Maximum execution time exceeded (10.0 minutes)
ğŸš€ Beginning step 5...
DEBUG: interpret_results called with hypothesis=<class 'str'>, analysis_plan=<class 'list'>, code=<class 'str'>
ğŸš€ Generated Initial Analysis Plan for Analysis 4
â° Message timeout after 0.0s, continuing...
â° Message timeout after 30.0s, continuing...
â° Message timeout after 86.4s, continuing...
â° Message timeout after 116.5s, continuing...
â° Message timeout after 146.5s, continuing...
â° Message timeout after 176.5s, continuing...
â° Message timeout after 206.6s, continuing...
â° Message timeout after 236.6s, continuing...
â° Message timeout after 266.6s, continuing...
â° Message timeout after 296.7s, continuing...
â° Message timeout after 326.7s, continuing...
â° Message timeout after 376.8s, continuing...
â° Message timeout after 406.8s, continuing...
â° Message timeout after 436.8s, continuing...
â° Message timeout after 466.8s, continuing...
â° Message timeout after 496.9s, continuing...
â° Message timeout after 526.9s, continuing...
â° Message timeout after 556.9s, continuing...
â° Timeout reached during message wait (9.8 minutes)
ğŸš€ Beginning step 6...
DEBUG: interpret_results called with hypothesis=<class 'str'>, analysis_plan=<class 'list'>, code=<class 'str'>
ğŸš€ Generated Initial Analysis Plan for Analysis 4
â° Message timeout after 17.8s, continuing...
â° Message timeout after 47.9s, continuing...
â° Message timeout after 77.9s, continuing...
â° Message timeout after 107.9s, continuing...
â° Message timeout after 137.9s, continuing...
â° Message timeout after 168.0s, continuing...
â° Message timeout after 198.0s, continuing...
â° Message timeout after 228.0s, continuing...
â° Message timeout after 258.1s, continuing...
â° Message timeout after 309.1s, continuing...
â° Message timeout after 339.1s, continuing...
â° Message timeout after 369.1s, continuing...
â° Message timeout after 399.2s, continuing...
â° Message timeout after 429.2s, continuing...
â° Message timeout after 459.2s, continuing...
â° Message timeout after 489.3s, continuing...
â° Message timeout after 519.3s, continuing...
â° Message timeout after 549.3s, continuing...
â° Timeout reached during message wait (9.9 minutes)
ğŸš€ Beginning step 7...
DEBUG: interpret_results called with hypothesis=<class 'str'>, analysis_plan=<class 'list'>, code=<class 'str'>
ğŸš€ Generated Initial Analysis Plan for Analysis 4
â° Message timeout after 0.0s, continuing...
â° Message timeout after 30.0s, continuing...
â° Message timeout after 60.1s, continuing...
â° Message timeout after 90.1s, continuing...
â° Message timeout after 120.1s, continuing...
â° Message timeout after 150.1s, continuing...
â° Message timeout after 180.2s, continuing...
â° Message timeout after 229.4s, continuing...
â° Message timeout after 259.5s, continuing...
â° Message timeout after 289.5s, continuing...
â° Message timeout after 319.5s, continuing...
â° Message timeout after 349.6s, continuing...
â° Message timeout after 379.6s, continuing...
â° Message timeout after 409.6s, continuing...
â° Message timeout after 439.7s, continuing...
â° Message timeout after 469.7s, continuing...
â° Message timeout after 520.2s, continuing...
â° Message timeout after 550.2s, continuing...
â° Timeout reached during message wait (9.7 minutes)
ğŸš€ Beginning step 8...
DEBUG: interpret_results called with hypothesis=<class 'str'>, analysis_plan=<class 'list'>, code=<class 'str'>
ğŸ’¾ Saved notebook to: endo_ablation_082425/test_results_no_documentation_20250824_161516/outputs/test_no_documentation_20250824_161536/test_no_documentation_analysis_4.ipynb
âœ… Persistent kernel stopped
âœ… Completed Analysis 4
ğŸ§  Generating new analysis idea...

ğŸš€ Executing Analysis 5
âœ… Persistent kernel started
ğŸš€ Beginning step 1...
âš ï¸ Code errored with: AttributeError: Can only use .cat accessor with a 'category' dtype
  ğŸ”§ Fix attempt 1/3
  âŒ Fix attempt 1 failed
  ğŸ”§ Fix attempt 2/3
  âŒ Fix attempt 2 failed
  ğŸ”§ Fix attempt 3/3
  âœ… Fix successful on attempt 3
DEBUG: interpret_results called with hypothesis=<class 'str'>, analysis_plan=<class 'list'>, code=<class 'str'>
ğŸš€ Generated Initial Analysis Plan for Analysis 5
ğŸš€ Beginning step 2...
DEBUG: interpret_results called with hypothesis=<class 'str'>, analysis_plan=<class 'list'>, code=<class 'str'>
ğŸš€ Generated Initial Analysis Plan for Analysis 5
ğŸš€ Beginning step 3...
âš ï¸ Code errored with: KeyError: 'pct_counts_mt'
  ğŸ”§ Fix attempt 1/3
â° Timeout reached during message wait (10.0 minutes)
  âœ… Fix successful on attempt 1
DEBUG: interpret_results called with hypothesis=<class 'str'>, analysis_plan=<class 'list'>, code=<class 'str'>
ğŸš€ Generated Initial Analysis Plan for Analysis 5
â° Timeout reached during message wait (9.9 minutes)
ğŸš€ Beginning step 4...
DEBUG: interpret_results called with hypothesis=<class 'str'>, analysis_plan=<class 'list'>, code=<class 'str'>
ğŸš€ Generated Initial Analysis Plan for Analysis 5
â° Timeout reached during message wait (10.0 minutes)
ğŸš€ Beginning step 5...
DEBUG: interpret_results called with hypothesis=<class 'str'>, analysis_plan=<class 'list'>, code=<class 'str'>
ğŸš€ Generated Initial Analysis Plan for Analysis 5
âš ï¸ Warning: Kernel still appears busy after supposed completion
ğŸš€ Beginning step 6...
DEBUG: interpret_results called with hypothesis=<class 'str'>, analysis_plan=<class 'list'>, code=<class 'str'>
ğŸš€ Generated Initial Analysis Plan for Analysis 5
âš ï¸ Warning: Kernel still appears busy after supposed completion
ğŸš€ Beginning step 7...
DEBUG: interpret_results called with hypothesis=<class 'str'>, analysis_plan=<class 'list'>, code=<class 'str'>
ğŸš€ Generated Initial Analysis Plan for Analysis 5
âš ï¸ Warning: Kernel still appears busy after supposed completion
ğŸš€ Beginning step 8...
DEBUG: interpret_results called with hypothesis=<class 'str'>, analysis_plan=<class 'list'>, code=<class 'str'>
ğŸ’¾ Saved notebook to: endo_ablation_082425/test_results_no_documentation_20250824_161516/outputs/test_no_documentation_20250824_161536/test_no_documentation_analysis_5.ipynb
âœ… Persistent kernel stopped
âœ… Completed Analysis 5
ğŸ§  Generating new analysis idea...

ğŸš€ Executing Analysis 6
âœ… Persistent kernel started
ğŸš€ Beginning step 1...
âš ï¸ Code errored with: AssertionError: Column pct_counts_mt missing!
  ğŸ”§ Fix attempt 1/3
  âœ… Fix successful on attempt 1
DEBUG: interpret_results called with hypothesis=<class 'str'>, analysis_plan=<class 'list'>, code=<class 'str'>
ğŸš€ Generated Initial Analysis Plan for Analysis 6
ğŸš€ Beginning step 2...
DEBUG: interpret_results called with hypothesis=<class 'str'>, analysis_plan=<class 'list'>, code=<class 'str'>
ğŸš€ Generated Initial Analysis Plan for Analysis 6
ğŸš€ Beginning step 3...
DEBUG: interpret_results called with hypothesis=<class 'str'>, analysis_plan=<class 'list'>, code=<class 'str'>
ğŸš€ Generated Initial Analysis Plan for Analysis 6
ğŸš€ Beginning step 4...
DEBUG: interpret_results called with hypothesis=<class 'str'>, analysis_plan=<class 'list'>, code=<class 'str'>
ğŸš€ Generated Initial Analysis Plan for Analysis 6
ğŸš€ Beginning step 5...
DEBUG: interpret_results called with hypothesis=<class 'str'>, analysis_plan=<class 'list'>, code=<class 'str'>
ğŸš€ Generated Initial Analysis Plan for Analysis 6
ğŸš€ Beginning step 6...
âš ï¸ Code errored with: NameError: name 'scvi' is not defined
  ğŸ”§ Fix attempt 1/3
  âŒ Fix attempt 1 failed
  ğŸ”§ Fix attempt 2/3
  âŒ Fix attempt 2 failed
  ğŸ”§ Fix attempt 3/3
  âŒ Fix attempt 3 failed
  âš ï¸ Failed to fix after 3 attempts. Moving to next iteration.
ğŸš€ Generated Initial Analysis Plan for Analysis 6
ğŸš€ Beginning step 7...
DEBUG: interpret_results called with hypothesis=<class 'str'>, analysis_plan=<class 'list'>, code=<class 'str'>
ğŸš€ Generated Initial Analysis Plan for Analysis 6
ğŸš€ Beginning step 8...
DEBUG: interpret_results called with hypothesis=<class 'str'>, analysis_plan=<class 'list'>, code=<class 'str'>
ğŸ’¾ Saved notebook to: endo_ablation_082425/test_results_no_documentation_20250824_161516/outputs/test_no_documentation_20250824_161536/test_no_documentation_analysis_6.ipynb
âœ… Persistent kernel stopped
âœ… Completed Analysis 6
ğŸ§  Generating new analysis idea...

ğŸš€ Executing Analysis 7
âœ… Persistent kernel started
ğŸš€ Beginning step 1...
DEBUG: interpret_results called with hypothesis=<class 'str'>, analysis_plan=<class 'list'>, code=<class 'str'>
ğŸš€ Generated Initial Analysis Plan for Analysis 7
â° Timeout reached during message wait (10.0 minutes)
ğŸš€ Beginning step 2...
DEBUG: interpret_results called with hypothesis=<class 'str'>, analysis_plan=<class 'list'>, code=<class 'str'>
ğŸš€ Generated Initial Analysis Plan for Analysis 7
â° Timeout reached during message wait (9.9 minutes)
ğŸš€ Beginning step 3...
DEBUG: interpret_results called with hypothesis=<class 'str'>, analysis_plan=<class 'list'>, code=<class 'str'>
ğŸš€ Generated Initial Analysis Plan for Analysis 7
âš ï¸ Warning: Kernel still appears busy after supposed completion
ğŸš€ Beginning step 4...
DEBUG: interpret_results called with hypothesis=<class 'str'>, analysis_plan=<class 'list'>, code=<class 'str'>
ğŸš€ Generated Initial Analysis Plan for Analysis 7
â° Timeout reached during message wait (10.0 minutes)
ğŸš€ Beginning step 5...
DEBUG: interpret_results called with hypothesis=<class 'str'>, analysis_plan=<class 'list'>, code=<class 'str'>
ğŸš€ Generated Initial Analysis Plan for Analysis 7
â° Message timeout after 599.1s, continuing...
â° Message timeout after 600.0s, continuing...
â° Message timeout after 600.0s, continuing...
â° Message timeout after 600.0s, continuing...
â° Message timeout after 600.0s, continuing...
â° Message timeout after 600.0s, continuing...
â° Message timeout after 600.0s, continuing...
â° Message timeout after 600.0s, continuing...
â° Message timeout after 600.0s, continuing...
â° Message timeout after 600.0s, continuing...
â° Timeout reached during message wait (10.0 minutes)
ğŸš€ Beginning step 6...
DEBUG: interpret_results called with hypothesis=<class 'str'>, analysis_plan=<class 'list'>, code=<class 'str'>
ğŸš€ Generated Initial Analysis Plan for Analysis 7
âš ï¸ Warning: Kernel still appears busy after supposed completion
ğŸš€ Beginning step 7...
DEBUG: interpret_results called with hypothesis=<class 'str'>, analysis_plan=<class 'list'>, code=<class 'str'>
ğŸš€ Generated Initial Analysis Plan for Analysis 7
âš ï¸ Warning: Kernel still appears busy after supposed completion
ğŸš€ Beginning step 8...
DEBUG: interpret_results called with hypothesis=<class 'str'>, analysis_plan=<class 'list'>, code=<class 'str'>
ğŸ’¾ Saved notebook to: endo_ablation_082425/test_results_no_documentation_20250824_161516/outputs/test_no_documentation_20250824_161536/test_no_documentation_analysis_7.ipynb
âœ… Persistent kernel stopped
âœ… Completed Analysis 7
ğŸ§  Generating new analysis idea...

ğŸš€ Executing Analysis 8
âœ… Persistent kernel started
ğŸš€ Beginning step 1...
DEBUG: interpret_results called with hypothesis=<class 'str'>, analysis_plan=<class 'list'>, code=<class 'str'>
ğŸš€ Generated Initial Analysis Plan for Analysis 8
ğŸš€ Beginning step 2...
âš ï¸ Code errored with: SyntaxError: invalid syntax (1081827252.py, line 19)
  ğŸ”§ Fix attempt 1/3
  âŒ Fix attempt 1 failed
  ğŸ”§ Fix attempt 2/3
  âŒ Fix attempt 2 failed
  ğŸ”§ Fix attempt 3/3
  âŒ Fix attempt 3 failed
  âš ï¸ Failed to fix after 3 attempts. Moving to next iteration.
ğŸš€ Generated Initial Analysis Plan for Analysis 8
ğŸš€ Beginning step 3...
DEBUG: interpret_results called with hypothesis=<class 'str'>, analysis_plan=<class 'list'>, code=<class 'str'>
ğŸš€ Generated Initial Analysis Plan for Analysis 8
ğŸš€ Beginning step 4...
âš ï¸ Code errored with: AttributeError: Can only use .cat accessor with a 'category' dtype
  ğŸ”§ Fix attempt 1/3
  âŒ Fix attempt 1 failed
  ğŸ”§ Fix attempt 2/3
  âŒ Fix attempt 2 failed
  ğŸ”§ Fix attempt 3/3
  âŒ Fix attempt 3 failed
  âš ï¸ Failed to fix after 3 attempts. Moving to next iteration.
ğŸš€ Generated Initial Analysis Plan for Analysis 8
â° Message timeout after 4.1s, continuing...
â° Message timeout after 39.2s, continuing...
â° Message timeout after 102.7s, continuing...
â° Message timeout after 146.0s, continuing...
â° Message timeout after 176.0s, continuing...
ğŸš€ Beginning step 5...
âš ï¸ Code errored with: InvalidParameterError: The 'n_components' parameter of PCA must be an int in the range [0, inf), a float in the range (0.0, 1.0), a str among {'mle'} or None. Got -1 instead.
  ğŸ”§ Fix attempt 1/3
  âŒ Fix attempt 1 failed
  ğŸ”§ Fix attempt 2/3
  âŒ Fix attempt 2 failed
  ğŸ”§ Fix attempt 3/3
  âŒ Fix attempt 3 failed
  âš ï¸ Failed to fix after 3 attempts. Moving to next iteration.
ğŸš€ Generated Initial Analysis Plan for Analysis 8
ğŸš€ Beginning step 6...
âš ï¸ Code errored with: AttributeError: 'NoneType' object has no attribute 'is_view'
  ğŸ”§ Fix attempt 1/3
  âŒ Fix attempt 1 failed
  ğŸ”§ Fix attempt 2/3
  âŒ Fix attempt 2 failed
  ğŸ”§ Fix attempt 3/3
  âŒ Fix attempt 3 failed
  âš ï¸ Failed to fix after 3 attempts. Moving to next iteration.
ğŸš€ Generated Initial Analysis Plan for Analysis 8
ğŸš€ Beginning step 7...
âš ï¸ Code errored with: ValueError: could not convert string to float: 'day2'
  ğŸ”§ Fix attempt 1/3
  âœ… Fix successful on attempt 1
DEBUG: interpret_results called with hypothesis=<class 'str'>, analysis_plan=<class 'list'>, code=<class 'str'>
ğŸš€ Generated Initial Analysis Plan for Analysis 8
ğŸš€ Beginning step 8...
DEBUG: interpret_results called with hypothesis=<class 'str'>, analysis_plan=<class 'list'>, code=<class 'str'>
ğŸ’¾ Saved notebook to: endo_ablation_082425/test_results_no_documentation_20250824_161516/outputs/test_no_documentation_20250824_161536/test_no_documentation_analysis_8.ipynb
âœ… Persistent kernel stopped
âœ… Completed Analysis 8
ğŸ§  Generating new analysis idea...

ğŸš€ Executing Analysis 9
âœ… Persistent kernel started
ğŸš€ Beginning step 1...
âš ï¸ Code errored with: ValueError: No ciliated epithelial cells found in the dataset.
  ğŸ”§ Fix attempt 1/3
â° Message timeout after 7.4s, continuing...
â° Message timeout after 37.4s, continuing...
â° Message timeout after 67.4s, continuing...
â° Message timeout after 97.5s, continuing...
â° Message timeout after 127.5s, continuing...
â° Message timeout after 157.5s, continuing...
â° Message timeout after 187.6s, continuing...
  âœ… Fix successful on attempt 1
DEBUG: interpret_results called with hypothesis=<class 'str'>, analysis_plan=<class 'list'>, code=<class 'str'>
ğŸš€ Generated Initial Analysis Plan for Analysis 9
ğŸš€ Beginning step 2...
DEBUG: interpret_results called with hypothesis=<class 'str'>, analysis_plan=<class 'list'>, code=<class 'str'>
ğŸš€ Generated Initial Analysis Plan for Analysis 9
ğŸš€ Beginning step 3...
DEBUG: interpret_results called with hypothesis=<class 'str'>, analysis_plan=<class 'list'>, code=<class 'str'>
ğŸš€ Generated Initial Analysis Plan for Analysis 9
ğŸš€ Beginning step 4...
âš ï¸ Code errored with: AttributeError: 'NoneType' object has no attribute 'to_df'
  ğŸ”§ Fix attempt 1/3
  âœ… Fix successful on attempt 1
DEBUG: interpret_results called with hypothesis=<class 'str'>, analysis_plan=<class 'list'>, code=<class 'str'>
ğŸš€ Generated Initial Analysis Plan for Analysis 9
ğŸš€ Beginning step 5...
âš ï¸ Code errored with: KeyError: "None of [Index(['PFKFB3', 'HK2', 'LDHA', 'PDK1', 'IDH3A'], dtype='object')] are in the [index]"
  ğŸ”§ Fix attempt 1/3
  âŒ Fix attempt 1 failed
  ğŸ”§ Fix attempt 2/3
  âŒ Fix attempt 2 failed
  ğŸ”§ Fix attempt 3/3
  âŒ Fix attempt 3 failed
  âš ï¸ Failed to fix after 3 attempts. Moving to next iteration.
ğŸš€ Generated Initial Analysis Plan for Analysis 9
ğŸš€ Beginning step 6...
âš ï¸ Code errored with: ValueError: Expected parameter loc (Tensor of shape (128, 30)) of distribution Normal(loc: torch.Size([128, 30]), scale: torch.Size([128, 30])) to satisfy the constraint Real(), but found invalid values:
tensor([[nan, nan, nan,  ..., nan, nan, nan],
        [nan, nan, nan,  ..., nan, nan, nan],
        [nan, nan, nan,  ..., nan, nan, nan],
        ...,
        [nan, nan, nan,  ..., nan, nan, nan],
        [nan, nan, nan,  ..., nan, nan, nan],
        [nan, nan, nan,  ..., nan, nan, nan]], grad_fn=<AddmmBackward0>)
  ğŸ”§ Fix attempt 1/3
â° Message timeout after 16.6s, continuing...
  âŒ Fix attempt 1 failed
  ğŸ”§ Fix attempt 2/3
â° Message timeout after 18.4s, continuing...
  âŒ Fix attempt 2 failed
  ğŸ”§ Fix attempt 3/3
â° Message timeout after 19.4s, continuing...
  âŒ Fix attempt 3 failed
  âš ï¸ Failed to fix after 3 attempts. Moving to next iteration.
ğŸš€ Generated Initial Analysis Plan for Analysis 9
â° Message timeout after 19.0s, continuing...
ğŸš€ Beginning step 7...
âš ï¸ Code errored with: ValueError: Please run `adata = adata.copy()` or use the copy option in this function.
  ğŸ”§ Fix attempt 1/3
â° Message timeout after 19.1s, continuing...
  âŒ Fix attempt 1 failed
  ğŸ”§ Fix attempt 2/3
â° Message timeout after 18.8s, continuing...
  âŒ Fix attempt 2 failed
  ğŸ”§ Fix attempt 3/3
  âŒ Fix attempt 3 failed
  âš ï¸ Failed to fix after 3 attempts. Moving to next iteration.
ğŸš€ Generated Initial Analysis Plan for Analysis 9
ğŸš€ Beginning step 8...
âš ï¸ Code errored with: ValueError: zero-size array to reduction operation maximum which has no identity
  ğŸ”§ Fix attempt 1/3
  âŒ Fix attempt 1 failed
  ğŸ”§ Fix attempt 2/3
  âŒ Fix attempt 2 failed
  ğŸ”§ Fix attempt 3/3
  âŒ Fix attempt 3 failed
  âš ï¸ Failed to fix after 3 attempts. Moving to next iteration.
ğŸ’¾ Saved notebook to: endo_ablation_082425/test_results_no_documentation_20250824_161516/outputs/test_no_documentation_20250824_161536/test_no_documentation_analysis_9.ipynb
âœ… Persistent kernel stopped
âœ… Completed Analysis 9
ğŸ§  Generating new analysis idea...

ğŸš€ Executing Analysis 10
âœ… Persistent kernel started
ğŸš€ Beginning step 1...
âš ï¸ Code errored with: KeyError: 'pct_counts_mt'
  ğŸ”§ Fix attempt 1/3
  âŒ Fix attempt 1 failed
  ğŸ”§ Fix attempt 2/3
  âŒ Fix attempt 2 failed
  ğŸ”§ Fix attempt 3/3
  âŒ Fix attempt 3 failed
  âš ï¸ Failed to fix after 3 attempts. Moving to next iteration.
ğŸš€ Generated Initial Analysis Plan for Analysis 10
ğŸš€ Beginning step 2...
âš ï¸ Code errored with: KeyError: 'mt'
  ğŸ”§ Fix attempt 1/3
  âœ… Fix successful on attempt 1
DEBUG: interpret_results called with hypothesis=<class 'str'>, analysis_plan=<class 'list'>, code=<class 'str'>
ğŸš€ Generated Initial Analysis Plan for Analysis 10
ğŸš€ Beginning step 3...
âš ï¸ Code errored with: KeyError: 'mt'
  ğŸ”§ Fix attempt 1/3
  âœ… Fix successful on attempt 1
DEBUG: interpret_results called with hypothesis=<class 'str'>, analysis_plan=<class 'list'>, code=<class 'str'>
ğŸš€ Generated Initial Analysis Plan for Analysis 10
ğŸš€ Beginning step 4...
âš ï¸ Code errored with: SyntaxError: f-string: unmatched '[' (727985120.py, line 12)
  ğŸ”§ Fix attempt 1/3
  âŒ Fix attempt 1 failed
  ğŸ”§ Fix attempt 2/3
  âŒ Fix attempt 2 failed
  ğŸ”§ Fix attempt 3/3
  âŒ Fix attempt 3 failed
  âš ï¸ Failed to fix after 3 attempts. Moving to next iteration.
ğŸš€ Generated Initial Analysis Plan for Analysis 10
ğŸš€ Beginning step 5...
DEBUG: interpret_results called with hypothesis=<class 'str'>, analysis_plan=<class 'list'>, code=<class 'str'>
ğŸš€ Generated Initial Analysis Plan for Analysis 10
ğŸš€ Beginning step 6...
âš ï¸ Code errored with: KeyError: 'mt'
  ğŸ”§ Fix attempt 1/3
  âŒ Fix attempt 1 failed
  ğŸ”§ Fix attempt 2/3
  âŒ Fix attempt 2 failed
  ğŸ”§ Fix attempt 3/3
  âœ… Fix successful on attempt 3
DEBUG: interpret_results called with hypothesis=<class 'str'>, analysis_plan=<class 'list'>, code=<class 'str'>
ğŸš€ Generated Initial Analysis Plan for Analysis 10
ğŸš€ Beginning step 7...
âš ï¸ Code errored with: ValueError: Input X contains NaN.
PCA does not accept missing values encoded as NaN natively. For supervised learning, you might want to consider sklearn.ensemble.HistGradientBoostingClassifier and Regressor which accept missing values encoded as NaNs natively. Alternatively, it is possible to preprocess the data, for instance by using an imputer transformer in a pipeline or drop samples with missing values. See https://scikit-learn.org/stable/modules/impute.html You can find a list of all estimators that handle NaN values at the following page: https://scikit-learn.org/stable/modules/impute.html#estimators-that-handle-nan-values
  ğŸ”§ Fix attempt 1/3
  âŒ Fix attempt 1 failed
  ğŸ”§ Fix attempt 2/3
â° Message timeout after 3.6s, continuing...
â° Message timeout after 33.6s, continuing...
â° Message timeout after 63.7s, continuing...
  âŒ Fix attempt 2 failed
  ğŸ”§ Fix attempt 3/3
â° Message timeout after 3.6s, continuing...
â° Message timeout after 33.6s, continuing...
â° Message timeout after 63.7s, continuing...
  âŒ Fix attempt 3 failed
  âš ï¸ Failed to fix after 3 attempts. Moving to next iteration.
ğŸš€ Generated Initial Analysis Plan for Analysis 10
ğŸš€ Beginning step 8...
âš ï¸ Code errored with: ValueError: Expected parameter loc (Tensor of shape (128, 10)) of distribution Normal(loc: torch.Size([128, 10]), scale: torch.Size([128, 10])) to satisfy the constraint Real(), but found invalid values:
tensor([[nan, nan, nan,  ..., nan, nan, nan],
        [nan, nan, nan,  ..., nan, nan, nan],
        [nan, nan, nan,  ..., nan, nan, nan],
        ...,
        [nan, nan, nan,  ..., nan, nan, nan],
        [nan, nan, nan,  ..., nan, nan, nan],
        [nan, nan, nan,  ..., nan, nan, nan]], grad_fn=<AddmmBackward0>)
  ğŸ”§ Fix attempt 1/3
  âŒ Fix attempt 1 failed
  ğŸ”§ Fix attempt 2/3
  âŒ Fix attempt 2 failed
  ğŸ”§ Fix attempt 3/3
  âŒ Fix attempt 3 failed
  âš ï¸ Failed to fix after 3 attempts. Moving to next iteration.
ğŸ’¾ Saved notebook to: endo_ablation_082425/test_results_no_documentation_20250824_161516/outputs/test_no_documentation_20250824_161536/test_no_documentation_analysis_10.ipynb
âœ… Persistent kernel stopped
âœ… Completed Analysis 10
ğŸ§  Generating new analysis idea...

ğŸš€ Executing Analysis 11
âœ… Persistent kernel started
ğŸš€ Beginning step 1...
âš ï¸ Code errored with: ValueError: `A` must be of floating or complex floating data type.
  ğŸ”§ Fix attempt 1/3
â° Message timeout after 4.8s, continuing...
â° Message timeout after 68.7s, continuing...
  âœ… Fix successful on attempt 1
DEBUG: interpret_results called with hypothesis=<class 'str'>, analysis_plan=<class 'list'>, code=<class 'str'>
ğŸš€ Generated Initial Analysis Plan for Analysis 11
â° Message timeout after 5.4s, continuing...
â° Message timeout after 35.4s, continuing...
â° Message timeout after 65.5s, continuing...
ğŸš€ Beginning step 2...
âš ï¸ Code errored with: ArpackNoConvergence: ARPACK error -1: No convergence (44371 iterations, 0/15 eigenvectors converged)
  ğŸ”§ Fix attempt 1/3
  âŒ Fix attempt 1 failed
  ğŸ”§ Fix attempt 2/3
  âŒ Fix attempt 2 failed
  ğŸ”§ Fix attempt 3/3
  âŒ Fix attempt 3 failed
  âš ï¸ Failed to fix after 3 attempts. Moving to next iteration.
ğŸš€ Generated Initial Analysis Plan for Analysis 11
ğŸš€ Beginning step 3...
âš ï¸ Code errored with: ValueError: Bin edges must be unique: Index([nan, nan, nan, nan, nan, nan, nan, nan, nan, nan, nan, nan, nan, nan,
       nan, nan, nan, nan, nan, nan, nan],
      dtype='float64').
You can drop duplicate edges by setting the 'duplicates' kwarg
  ğŸ”§ Fix attempt 1/3
  âŒ Fix attempt 1 failed
  ğŸ”§ Fix attempt 2/3
  âœ… Fix successful on attempt 2
DEBUG: interpret_results called with hypothesis=<class 'str'>, analysis_plan=<class 'list'>, code=<class 'str'>
ğŸš€ Generated Initial Analysis Plan for Analysis 11
ğŸš€ Beginning step 4...
âš ï¸ Code errored with: ValueError: Did not find X_diffmap in `.obsm.keys()`. You need to compute it first.
  ğŸ”§ Fix attempt 1/3
  âŒ Fix attempt 1 failed
  ğŸ”§ Fix attempt 2/3
  âŒ Fix attempt 2 failed
  ğŸ”§ Fix attempt 3/3
  âŒ Fix attempt 3 failed
  âš ï¸ Failed to fix after 3 attempts. Moving to next iteration.
ğŸš€ Generated Initial Analysis Plan for Analysis 11
ğŸš€ Beginning step 5...
âš ï¸ Code errored with: ValueError: You need to run `pp.neighbors` first to compute a neighborhood graph.
  ğŸ”§ Fix attempt 1/3
  âŒ Fix attempt 1 failed
  ğŸ”§ Fix attempt 2/3
  âŒ Fix attempt 2 failed
  ğŸ”§ Fix attempt 3/3
  âŒ Fix attempt 3 failed
  âš ï¸ Failed to fix after 3 attempts. Moving to next iteration.
ğŸš€ Generated Initial Analysis Plan for Analysis 11
ğŸš€ Beginning step 6...
âš ï¸ Code errored with: NameError: name 'data_ciliated' is not defined
  ğŸ”§ Fix attempt 1/3
  âŒ Fix attempt 1 failed
  ğŸ”§ Fix attempt 2/3
  âŒ Fix attempt 2 failed
  ğŸ”§ Fix attempt 3/3
  âŒ Fix attempt 3 failed
  âš ï¸ Failed to fix after 3 attempts. Moving to next iteration.
ğŸš€ Generated Initial Analysis Plan for Analysis 11
ğŸš€ Beginning step 7...
âš ï¸ Code errored with: ValueError: Expected parameter loc (Tensor of shape (128, 10)) of distribution Normal(loc: torch.Size([128, 10]), scale: torch.Size([128, 10])) to satisfy the constraint Real(), but found invalid values:
tensor([[nan, nan, nan,  ..., nan, nan, nan],
        [nan, nan, nan,  ..., nan, nan, nan],
        [nan, nan, nan,  ..., nan, nan, nan],
        ...,
        [nan, nan, nan,  ..., nan, nan, nan],
        [nan, nan, nan,  ..., nan, nan, nan],
        [nan, nan, nan,  ..., nan, nan, nan]], grad_fn=<AddmmBackward0>)
  ğŸ”§ Fix attempt 1/3
  âŒ Fix attempt 1 failed
  ğŸ”§ Fix attempt 2/3
  âŒ Fix attempt 2 failed
  ğŸ”§ Fix attempt 3/3
  âŒ Fix attempt 3 failed
  âš ï¸ Failed to fix after 3 attempts. Moving to next iteration.
ğŸš€ Generated Initial Analysis Plan for Analysis 11
ğŸš€ Beginning step 8...
âš ï¸ Code errored with: ValueError: Expected parameter loc (Tensor of shape (128, 10)) of distribution Normal(loc: torch.Size([128, 10]), scale: torch.Size([128, 10])) to satisfy the constraint Real(), but found invalid values:
tensor([[nan, nan, nan,  ..., nan, nan, nan],
        [nan, nan, nan,  ..., nan, nan, nan],
        [nan, nan, nan,  ..., nan, nan, nan],
        ...,
        [nan, nan, nan,  ..., nan, nan, nan],
        [nan, nan, nan,  ..., nan, nan, nan],
        [nan, nan, nan,  ..., nan, nan, nan]], grad_fn=<AddmmBackward0>)
  ğŸ”§ Fix attempt 1/3
  âŒ Fix attempt 1 failed
  ğŸ”§ Fix attempt 2/3
  âŒ Fix attempt 2 failed
  ğŸ”§ Fix attempt 3/3
  âŒ Fix attempt 3 failed
  âš ï¸ Failed to fix after 3 attempts. Moving to next iteration.
ğŸ’¾ Saved notebook to: endo_ablation_082425/test_results_no_documentation_20250824_161516/outputs/test_no_documentation_20250824_161536/test_no_documentation_analysis_11.ipynb
âœ… Persistent kernel stopped
âœ… Completed Analysis 11
ğŸ§  Generating new analysis idea...

ğŸš€ Executing Analysis 12
âœ… Persistent kernel started
â° Timeout reached during message wait (9.9 minutes)
ğŸš€ Beginning step 1...
DEBUG: interpret_results called with hypothesis=<class 'str'>, analysis_plan=<class 'list'>, code=<class 'str'>
ğŸš€ Generated Initial Analysis Plan for Analysis 12
â° Timeout reached during message wait (9.9 minutes)
ğŸš€ Beginning step 2...
DEBUG: interpret_results called with hypothesis=<class 'str'>, analysis_plan=<class 'list'>, code=<class 'str'>
ğŸš€ Generated Initial Analysis Plan for Analysis 12
â° Timeout reached during message wait (10.0 minutes)
ğŸš€ Beginning step 3...
DEBUG: interpret_results called with hypothesis=<class 'str'>, analysis_plan=<class 'list'>, code=<class 'str'>
ğŸš€ Generated Initial Analysis Plan for Analysis 12
âš ï¸ Warning: Kernel still appears busy after supposed completion
ğŸš€ Beginning step 4...
DEBUG: interpret_results called with hypothesis=<class 'str'>, analysis_plan=<class 'list'>, code=<class 'str'>
ğŸš€ Generated Initial Analysis Plan for Analysis 12
âš ï¸ Warning: Kernel still appears busy after supposed completion
ğŸš€ Beginning step 5...
DEBUG: interpret_results called with hypothesis=<class 'str'>, analysis_plan=<class 'list'>, code=<class 'str'>
ğŸš€ Generated Initial Analysis Plan for Analysis 12
âš ï¸ Warning: Kernel still appears busy after supposed completion
ğŸš€ Beginning step 6...
DEBUG: interpret_results called with hypothesis=<class 'str'>, analysis_plan=<class 'list'>, code=<class 'str'>
ğŸš€ Generated Initial Analysis Plan for Analysis 12
âš ï¸ Warning: Kernel still appears busy after supposed completion
ğŸš€ Beginning step 7...
DEBUG: interpret_results called with hypothesis=<class 'str'>, analysis_plan=<class 'list'>, code=<class 'str'>
ğŸš€ Generated Initial Analysis Plan for Analysis 12
âš ï¸ Warning: Kernel still appears busy after supposed completion
ğŸš€ Beginning step 8...
DEBUG: interpret_results called with hypothesis=<class 'str'>, analysis_plan=<class 'list'>, code=<class 'str'>
ğŸ’¾ Saved notebook to: endo_ablation_082425/test_results_no_documentation_20250824_161516/outputs/test_no_documentation_20250824_161536/test_no_documentation_analysis_12.ipynb
âœ… Persistent kernel stopped
âœ… Completed Analysis 12
ğŸ§  Generating new analysis idea...

ğŸš€ Executing Analysis 13
âœ… Persistent kernel started
ğŸš€ Beginning step 1...
DEBUG: interpret_results called with hypothesis=<class 'str'>, analysis_plan=<class 'list'>, code=<class 'str'>
ğŸš€ Generated Initial Analysis Plan for Analysis 13
ğŸš€ Beginning step 2...
DEBUG: interpret_results called with hypothesis=<class 'str'>, analysis_plan=<class 'list'>, code=<class 'str'>
ğŸš€ Generated Initial Analysis Plan for Analysis 13
ğŸš€ Beginning step 3...
DEBUG: interpret_results called with hypothesis=<class 'str'>, analysis_plan=<class 'list'>, code=<class 'str'>
ğŸš€ Generated Initial Analysis Plan for Analysis 13
ğŸš€ Beginning step 4...
âš ï¸ Code errored with: ValueError: n_components=20 must be between 1 and min(n_samples, n_features)=3 with svd_solver='arpack'
  ğŸ”§ Fix attempt 1/3
  âŒ Fix attempt 1 failed
  ğŸ”§ Fix attempt 2/3
  âœ… Fix successful on attempt 2
DEBUG: interpret_results called with hypothesis=<class 'str'>, analysis_plan=<class 'list'>, code=<class 'str'>
ğŸš€ Generated Initial Analysis Plan for Analysis 13
ğŸš€ Beginning step 5...
DEBUG: interpret_results called with hypothesis=<class 'str'>, analysis_plan=<class 'list'>, code=<class 'str'>
ğŸš€ Generated Initial Analysis Plan for Analysis 13
ğŸš€ Beginning step 6...
âš ï¸ Code errored with: ValueError: Expected parameter loc (Tensor of shape (128, 10)) of distribution Normal(loc: torch.Size([128, 10]), scale: torch.Size([128, 10])) to satisfy the constraint Real(), but found invalid values:
tensor([[nan, nan, nan,  ..., nan, nan, nan],
        [nan, nan, nan,  ..., nan, nan, nan],
        [nan, nan, nan,  ..., nan, nan, nan],
        ...,
        [nan, nan, nan,  ..., nan, nan, nan],
        [nan, nan, nan,  ..., nan, nan, nan],
        [nan, nan, nan,  ..., nan, nan, nan]], grad_fn=<AddmmBackward0>)
  ğŸ”§ Fix attempt 1/3
  âŒ Fix attempt 1 failed
  ğŸ”§ Fix attempt 2/3
  âŒ Fix attempt 2 failed
  ğŸ”§ Fix attempt 3/3
  âŒ Fix attempt 3 failed
  âš ï¸ Failed to fix after 3 attempts. Moving to next iteration.
ğŸš€ Generated Initial Analysis Plan for Analysis 13
ğŸš€ Beginning step 7...
DEBUG: interpret_results called with hypothesis=<class 'str'>, analysis_plan=<class 'list'>, code=<class 'str'>
ğŸš€ Generated Initial Analysis Plan for Analysis 13
ğŸš€ Beginning step 8...
âš ï¸ Code errored with: ValueError: Please run `adata = adata.copy()` or use the copy option in this function.
  ğŸ”§ Fix attempt 1/3
  âŒ Fix attempt 1 failed
  ğŸ”§ Fix attempt 2/3
  âŒ Fix attempt 2 failed
  ğŸ”§ Fix attempt 3/3
  âŒ Fix attempt 3 failed
  âš ï¸ Failed to fix after 3 attempts. Moving to next iteration.
ğŸ’¾ Saved notebook to: endo_ablation_082425/test_results_no_documentation_20250824_161516/outputs/test_no_documentation_20250824_161536/test_no_documentation_analysis_13.ipynb
âœ… Persistent kernel stopped
âœ… Completed Analysis 13
ğŸ§  Generating new analysis idea...

ğŸš€ Executing Analysis 14
âœ… Persistent kernel started
ğŸš€ Beginning step 1...
âš ï¸ Code errored with: KeyError: "Could not find keys '[np.str_('BMAL1')]' in columns of `adata.obs` or in adata.var_names."
  ğŸ”§ Fix attempt 1/3
  âŒ Fix attempt 1 failed
  ğŸ”§ Fix attempt 2/3
  âœ… Fix successful on attempt 2
DEBUG: interpret_results called with hypothesis=<class 'str'>, analysis_plan=<class 'list'>, code=<class 'str'>
ğŸš€ Generated Initial Analysis Plan for Analysis 14
ğŸš€ Beginning step 2...
DEBUG: interpret_results called with hypothesis=<class 'str'>, analysis_plan=<class 'list'>, code=<class 'str'>
ğŸš€ Generated Initial Analysis Plan for Analysis 14
â° Timeout reached during message wait (10.0 minutes)
ğŸš€ Beginning step 3...
DEBUG: interpret_results called with hypothesis=<class 'str'>, analysis_plan=<class 'list'>, code=<class 'str'>
ğŸš€ Generated Initial Analysis Plan for Analysis 14
â° Timeout reached during message wait (9.9 minutes)
ğŸš€ Beginning step 4...
DEBUG: interpret_results called with hypothesis=<class 'str'>, analysis_plan=<class 'list'>, code=<class 'str'>
ğŸš€ Generated Initial Analysis Plan for Analysis 14
â° Timeout reached during message wait (9.9 minutes)
ğŸš€ Beginning step 5...
DEBUG: interpret_results called with hypothesis=<class 'str'>, analysis_plan=<class 'list'>, code=<class 'str'>
ğŸš€ Generated Initial Analysis Plan for Analysis 14
âš ï¸ Warning: Kernel still appears busy after supposed completion
ğŸš€ Beginning step 6...
DEBUG: interpret_results called with hypothesis=<class 'str'>, analysis_plan=<class 'list'>, code=<class 'str'>
ğŸš€ Generated Initial Analysis Plan for Analysis 14
âš ï¸ Warning: Kernel still appears busy after supposed completion
ğŸš€ Beginning step 7...
DEBUG: interpret_results called with hypothesis=<class 'str'>, analysis_plan=<class 'list'>, code=<class 'str'>
ğŸš€ Generated Initial Analysis Plan for Analysis 14
âš ï¸ Warning: Kernel still appears busy after supposed completion
ğŸš€ Beginning step 8...
DEBUG: interpret_results called with hypothesis=<class 'str'>, analysis_plan=<class 'list'>, code=<class 'str'>
ğŸ’¾ Saved notebook to: endo_ablation_082425/test_results_no_documentation_20250824_161516/outputs/test_no_documentation_20250824_161536/test_no_documentation_analysis_14.ipynb
âœ… Persistent kernel stopped
âœ… Completed Analysis 14
ğŸ§  Generating new analysis idea...

ğŸš€ Executing Analysis 15
âœ… Persistent kernel started
ğŸš€ Beginning step 1...
DEBUG: interpret_results called with hypothesis=<class 'str'>, analysis_plan=<class 'list'>, code=<class 'str'>
ğŸš€ Generated Initial Analysis Plan for Analysis 15
ğŸš€ Beginning step 2...
DEBUG: interpret_results called with hypothesis=<class 'str'>, analysis_plan=<class 'list'>, code=<class 'str'>
ğŸš€ Generated Initial Analysis Plan for Analysis 15
ğŸš€ Beginning step 3...
âš ï¸ Code errored with: ValueError: Found array with 0 feature(s) (shape=(35225, 0)) while a minimum of 1 is required.
  ğŸ”§ Fix attempt 1/3
  âŒ Fix attempt 1 failed
  ğŸ”§ Fix attempt 2/3
  âŒ Fix attempt 2 failed
  ğŸ”§ Fix attempt 3/3
  âœ… Fix successful on attempt 3
DEBUG: interpret_results called with hypothesis=<class 'str'>, analysis_plan=<class 'list'>, code=<class 'str'>
ğŸš€ Generated Initial Analysis Plan for Analysis 15
ğŸš€ Beginning step 4...
DEBUG: interpret_results called with hypothesis=<class 'str'>, analysis_plan=<class 'list'>, code=<class 'str'>
ğŸš€ Generated Initial Analysis Plan for Analysis 15
ğŸš€ Beginning step 5...
DEBUG: interpret_results called with hypothesis=<class 'str'>, analysis_plan=<class 'list'>, code=<class 'str'>
ğŸš€ Generated Initial Analysis Plan for Analysis 15
ğŸš€ Beginning step 6...
DEBUG: interpret_results called with hypothesis=<class 'str'>, analysis_plan=<class 'list'>, code=<class 'str'>
ğŸš€ Generated Initial Analysis Plan for Analysis 15
ğŸš€ Beginning step 7...
DEBUG: interpret_results called with hypothesis=<class 'str'>, analysis_plan=<class 'list'>, code=<class 'str'>
ğŸš€ Generated Initial Analysis Plan for Analysis 15
ğŸš€ Beginning step 8...
DEBUG: interpret_results called with hypothesis=<class 'str'>, analysis_plan=<class 'list'>, code=<class 'str'>
ğŸ’¾ Saved notebook to: endo_ablation_082425/test_results_no_documentation_20250824_161516/outputs/test_no_documentation_20250824_161536/test_no_documentation_analysis_15.ipynb
âœ… Persistent kernel stopped
âœ… Completed Analysis 15
âœ… Persistent kernel stopped
ğŸ“Š Analyzing generated notebooks and logs...
ğŸ“„ Analyzing log files...
ğŸ“Š Log analysis complete: 0 failures, 0 attempts
ğŸ“Š Log-based success estimate: 0/0 steps successful
ğŸ““ Analyzing 15 notebook(s)...
  ğŸ““ Analyzing test_no_documentation_analysis_3.ipynb...
  ğŸ““ Analyzing test_no_documentation_analysis_2.ipynb...
  ğŸ““ Analyzing test_no_documentation_analysis_14.ipynb...
  ğŸ““ Analyzing test_no_documentation_analysis_7.ipynb...
  ğŸ““ Analyzing test_no_documentation_analysis_6.ipynb...
  ğŸ““ Analyzing test_no_documentation_analysis_15.ipynb...
  ğŸ““ Analyzing test_no_documentation_analysis_4.ipynb...
  ğŸ““ Analyzing test_no_documentation_analysis_10.ipynb...
  ğŸ““ Analyzing test_no_documentation_analysis_12.ipynb...
  ğŸ““ Analyzing test_no_documentation_analysis_8.ipynb...
  ğŸ““ Analyzing test_no_documentation_analysis_13.ipynb...
  ğŸ““ Analyzing test_no_documentation_analysis_9.ipynb...
  ğŸ““ Analyzing test_no_documentation_analysis_11.ipynb...
  ğŸ““ Analyzing test_no_documentation_analysis_1.ipynb...
  ğŸ““ Analyzing test_no_documentation_analysis_5.ipynb...
ğŸ““ Notebook analysis complete: 95/135 cells successful
ğŸ“ˆ Final Success Rate: 70.37% (95/135)
ğŸ’¥ Total Failure Rate: 0.00% (0/0 attempts)

âœ… No execution data found in log analysis
ğŸ’¾ Results saved to: endo_ablation_082425/results_no_documentation.json
ğŸ“Š NO_DOCUMENTATION Results:
   Final Success Rate: 70.37%
   Total Failure Rate: 0.00%
   Final Successful Cells: 95
   Total Failures: 0
   Total Attempts: 0
âœ… Ablation test no_documentation completed!
